{"C:\\Users\\Lucas\\OneDrive\\Escritorio\\4to AÑO\\Desarrollo_aplicaciones\\ObraSocialFront\\src\\api\\Client.ts": {"path":"C:\\Users\\Lucas\\OneDrive\\Escritorio\\4to AÑO\\Desarrollo_aplicaciones\\ObraSocialFront\\src\\api\\Client.ts","statementMap":{"0":{"start":{"line":5,"column":0},"end":{"line":5,"column":46}},"1":{"start":{"line":7,"column":19},"end":{"line":10,"column":2}},"2":{"start":{"line":11,"column":0},"end":{"line":25,"column":2}},"3":{"start":{"line":14,"column":18},"end":{"line":14,"column":59}},"4":{"start":{"line":15,"column":4},"end":{"line":17,"column":5}},"5":{"start":{"line":16,"column":6},"end":{"line":16,"column":67}},"6":{"start":{"line":19,"column":4},"end":{"line":19,"column":18}},"7":{"start":{"line":22,"column":4},"end":{"line":22,"column":45}},"8":{"start":{"line":23,"column":4},"end":{"line":23,"column":33}}},"fnMap":{"0":{"name":"(anonymous_0)","decl":{"start":{"line":12,"column":2},"end":{"line":12,"column":3}},"loc":{"start":{"line":12,"column":18},"end":{"line":20,"column":3}},"line":12},"1":{"name":"(anonymous_1)","decl":{"start":{"line":21,"column":2},"end":{"line":21,"column":3}},"loc":{"start":{"line":21,"column":11},"end":{"line":24,"column":3}},"line":21}},"branchMap":{"0":{"loc":{"start":{"line":15,"column":4},"end":{"line":17,"column":5}},"type":"if","locations":[{"start":{"line":15,"column":4},"end":{"line":17,"column":5}},{"start":{},"end":{}}],"line":15}},"s":{"0":2,"1":2,"2":2,"3":0,"4":0,"5":0,"6":0,"7":0,"8":0},"f":{"0":0,"1":0},"b":{"0":[0,0]},"_coverageSchema":"1a1c01bbd47fc00a2c39e90264f33305004495a9","hash":"d02cb2278f53a50e5fe1c7109d4220f922bf8219"}
,"C:\\Users\\Lucas\\OneDrive\\Escritorio\\4to AÑO\\Desarrollo_aplicaciones\\ObraSocialFront\\src\\assets\\icons\\MainLogo.png": {"path":"C:\\Users\\Lucas\\OneDrive\\Escritorio\\4to AÑO\\Desarrollo_aplicaciones\\ObraSocialFront\\src\\assets\\icons\\MainLogo.png","statementMap":{"0":{"start":{"line":1,"column":0},"end":{"line":4,"column":6}}},"fnMap":{},"branchMap":{},"s":{"0":2},"f":{},"b":{},"_coverageSchema":"1a1c01bbd47fc00a2c39e90264f33305004495a9","hash":"ff9e47b4067b5b1f86d9d59eef64ba5cdc78ec12"}
,"C:\\Users\\Lucas\\OneDrive\\Escritorio\\4to AÑO\\Desarrollo_aplicaciones\\ObraSocialFront\\src\\components\\ActionButton.tsx": {"path":"C:\\Users\\Lucas\\OneDrive\\Escritorio\\4to AÑO\\Desarrollo_aplicaciones\\ObraSocialFront\\src\\components\\ActionButton.tsx","statementMap":{"0":{"start":{"line":15,"column":50},"end":{"line":34,"column":1}},"1":{"start":{"line":16,"column":21},"end":{"line":16,"column":72}},"2":{"start":{"line":17,"column":20},"end":{"line":17,"column":30}},"3":{"start":{"line":19,"column":23},"end":{"line":26,"column":3}},"4":{"start":{"line":20,"column":4},"end":{"line":25,"column":5}},"5":{"start":{"line":21,"column":6},"end":{"line":21,"column":16}},"6":{"start":{"line":22,"column":11},"end":{"line":25,"column":5}},"7":{"start":{"line":24,"column":6},"end":{"line":24,"column":41}},"8":{"start":{"line":28,"column":2},"end":{"line":33,"column":4}},"9":{"start":{"line":36,"column":15},"end":{"line":52,"column":2}}},"fnMap":{"0":{"name":"(anonymous_0)","decl":{"start":{"line":15,"column":50},"end":{"line":15,"column":51}},"loc":{"start":{"line":15,"column":93},"end":{"line":34,"column":1}},"line":15},"1":{"name":"(anonymous_1)","decl":{"start":{"line":19,"column":23},"end":{"line":19,"column":24}},"loc":{"start":{"line":19,"column":29},"end":{"line":26,"column":3}},"line":19}},"branchMap":{"0":{"loc":{"start":{"line":20,"column":4},"end":{"line":25,"column":5}},"type":"if","locations":[{"start":{"line":20,"column":4},"end":{"line":25,"column":5}},{"start":{"line":22,"column":11},"end":{"line":25,"column":5}}],"line":20},"1":{"loc":{"start":{"line":22,"column":11},"end":{"line":25,"column":5}},"type":"if","locations":[{"start":{"line":22,"column":11},"end":{"line":25,"column":5}},{"start":{},"end":{}}],"line":22}},"s":{"0":1,"1":1,"2":1,"3":1,"4":0,"5":0,"6":0,"7":0,"8":1,"9":1},"f":{"0":1,"1":0},"b":{"0":[0,0],"1":[0,0]},"_coverageSchema":"1a1c01bbd47fc00a2c39e90264f33305004495a9","hash":"51a6bb459fe214e3a003e6f0b12b02e18ce5b45f"}
,"C:\\Users\\Lucas\\OneDrive\\Escritorio\\4to AÑO\\Desarrollo_aplicaciones\\ObraSocialFront\\src\\components\\BackButton.tsx": {"path":"C:\\Users\\Lucas\\OneDrive\\Escritorio\\4to AÑO\\Desarrollo_aplicaciones\\ObraSocialFront\\src\\components\\BackButton.tsx","statementMap":{"0":{"start":{"line":22,"column":46},"end":{"line":47,"column":1}},"1":{"start":{"line":28,"column":21},"end":{"line":28,"column":36}},"2":{"start":{"line":29,"column":22},"end":{"line":32,"column":3}},"3":{"start":{"line":30,"column":4},"end":{"line":30,"column":35}},"4":{"start":{"line":30,"column":17},"end":{"line":30,"column":35}},"5":{"start":{"line":31,"column":4},"end":{"line":31,"column":24}},"6":{"start":{"line":34,"column":2},"end":{"line":46,"column":4}},"7":{"start":{"line":49,"column":15},"end":{"line":63,"column":2}}},"fnMap":{"0":{"name":"(anonymous_0)","decl":{"start":{"line":22,"column":46},"end":{"line":22,"column":47}},"loc":{"start":{"line":27,"column":6},"end":{"line":47,"column":1}},"line":27},"1":{"name":"(anonymous_1)","decl":{"start":{"line":29,"column":22},"end":{"line":29,"column":23}},"loc":{"start":{"line":29,"column":52},"end":{"line":32,"column":3}},"line":29}},"branchMap":{"0":{"loc":{"start":{"line":24,"column":2},"end":{"line":24,"column":11}},"type":"default-arg","locations":[{"start":{"line":24,"column":9},"end":{"line":24,"column":11}}],"line":24},"1":{"loc":{"start":{"line":25,"column":2},"end":{"line":25,"column":15}},"type":"default-arg","locations":[{"start":{"line":25,"column":13},"end":{"line":25,"column":15}}],"line":25},"2":{"loc":{"start":{"line":30,"column":4},"end":{"line":30,"column":35}},"type":"if","locations":[{"start":{"line":30,"column":4},"end":{"line":30,"column":35}},{"start":{},"end":{}}],"line":30}},"s":{"0":1,"1":1,"2":1,"3":0,"4":0,"5":0,"6":1,"7":1},"f":{"0":1,"1":0},"b":{"0":[1],"1":[1],"2":[0,0]},"_coverageSchema":"1a1c01bbd47fc00a2c39e90264f33305004495a9","hash":"5ae94f9b70a8bfed6cc22a9a3f62af593ae3da8d"}
,"C:\\Users\\Lucas\\OneDrive\\Escritorio\\4to AÑO\\Desarrollo_aplicaciones\\ObraSocialFront\\src\\components\\BottomNavbar.tsx": {"path":"C:\\Users\\Lucas\\OneDrive\\Escritorio\\4to AÑO\\Desarrollo_aplicaciones\\ObraSocialFront\\src\\components\\BottomNavbar.tsx","statementMap":{"0":{"start":{"line":4,"column":21},"end":{"line":21,"column":1}},"1":{"start":{"line":5,"column":2},"end":{"line":20,"column":4}},"2":{"start":{"line":23,"column":15},"end":{"line":43,"column":2}}},"fnMap":{"0":{"name":"(anonymous_0)","decl":{"start":{"line":4,"column":21},"end":{"line":4,"column":22}},"loc":{"start":{"line":4,"column":27},"end":{"line":21,"column":1}},"line":4}},"branchMap":{},"s":{"0":2,"1":2,"2":2},"f":{"0":2},"b":{},"_coverageSchema":"1a1c01bbd47fc00a2c39e90264f33305004495a9","hash":"d116fdde7572b0e5b73e805cc19943ba066dc334"}
,"C:\\Users\\Lucas\\OneDrive\\Escritorio\\4to AÑO\\Desarrollo_aplicaciones\\ObraSocialFront\\src\\components\\ConfirmationModal.tsx": {"path":"C:\\Users\\Lucas\\OneDrive\\Escritorio\\4to AÑO\\Desarrollo_aplicaciones\\ObraSocialFront\\src\\components\\ConfirmationModal.tsx","statementMap":{"0":{"start":{"line":23,"column":72},"end":{"line":26,"column":1}},"1":{"start":{"line":28,"column":44},"end":{"line":31,"column":1}},"2":{"start":{"line":33,"column":60},"end":{"line":80,"column":1}},"3":{"start":{"line":42,"column":23},"end":{"line":45,"column":3}},"4":{"start":{"line":43,"column":4},"end":{"line":43,"column":17}},"5":{"start":{"line":44,"column":4},"end":{"line":44,"column":14}},"6":{"start":{"line":47,"column":24},"end":{"line":50,"column":3}},"7":{"start":{"line":48,"column":4},"end":{"line":48,"column":16}},"8":{"start":{"line":49,"column":4},"end":{"line":49,"column":14}},"9":{"start":{"line":52,"column":2},"end":{"line":79,"column":4}},"10":{"start":{"line":82,"column":15},"end":{"line":127,"column":2}}},"fnMap":{"0":{"name":"(anonymous_0)","decl":{"start":{"line":33,"column":60},"end":{"line":33,"column":61}},"loc":{"start":{"line":41,"column":6},"end":{"line":80,"column":1}},"line":41},"1":{"name":"(anonymous_1)","decl":{"start":{"line":42,"column":23},"end":{"line":42,"column":24}},"loc":{"start":{"line":42,"column":29},"end":{"line":45,"column":3}},"line":42},"2":{"name":"(anonymous_2)","decl":{"start":{"line":47,"column":24},"end":{"line":47,"column":25}},"loc":{"start":{"line":47,"column":30},"end":{"line":50,"column":3}},"line":47}},"branchMap":{},"s":{"0":1,"1":1,"2":1,"3":1,"4":0,"5":0,"6":1,"7":0,"8":0,"9":1,"10":1},"f":{"0":1,"1":0,"2":0},"b":{},"_coverageSchema":"1a1c01bbd47fc00a2c39e90264f33305004495a9","hash":"cfa76c2a826005199a093ce63c5d7a63ee8e548c"}
,"C:\\Users\\Lucas\\OneDrive\\Escritorio\\4to AÑO\\Desarrollo_aplicaciones\\ObraSocialFront\\src\\components\\Credential.tsx": {"path":"C:\\Users\\Lucas\\OneDrive\\Escritorio\\4to AÑO\\Desarrollo_aplicaciones\\ObraSocialFront\\src\\components\\Credential.tsx","statementMap":{"0":{"start":{"line":23,"column":46},"end":{"line":53,"column":1}},"1":{"start":{"line":24,"column":2},"end":{"line":52,"column":4}},"2":{"start":{"line":55,"column":15},"end":{"line":142,"column":2}}},"fnMap":{"0":{"name":"(anonymous_0)","decl":{"start":{"line":23,"column":46},"end":{"line":23,"column":47}},"loc":{"start":{"line":23,"column":84},"end":{"line":53,"column":1}},"line":23}},"branchMap":{"0":{"loc":{"start":{"line":38,"column":9},"end":{"line":43,"column":9}},"type":"binary-expr","locations":[{"start":{"line":38,"column":9},"end":{"line":38,"column":36}},{"start":{"line":39,"column":10},"end":{"line":42,"column":17}}],"line":38}},"s":{"0":1,"1":1,"2":1},"f":{"0":1},"b":{"0":[1,0]},"_coverageSchema":"1a1c01bbd47fc00a2c39e90264f33305004495a9","hash":"a8eff0156299dd83407d3ed8a36d326ceb7f3b9e"}
,"C:\\Users\\Lucas\\OneDrive\\Escritorio\\4to AÑO\\Desarrollo_aplicaciones\\ObraSocialFront\\src\\components\\Header.tsx": {"path":"C:\\Users\\Lucas\\OneDrive\\Escritorio\\4to AÑO\\Desarrollo_aplicaciones\\ObraSocialFront\\src\\components\\Header.tsx","statementMap":{"0":{"start":{"line":17,"column":38},"end":{"line":29,"column":1}},"1":{"start":{"line":18,"column":17},"end":{"line":18,"column":36}},"2":{"start":{"line":19,"column":20},"end":{"line":19,"column":30}},"3":{"start":{"line":21,"column":2},"end":{"line":28,"column":4}},"4":{"start":{"line":31,"column":15},"end":{"line":49,"column":2}}},"fnMap":{"0":{"name":"(anonymous_0)","decl":{"start":{"line":17,"column":38},"end":{"line":17,"column":39}},"loc":{"start":{"line":17,"column":72},"end":{"line":29,"column":1}},"line":17}},"branchMap":{"0":{"loc":{"start":{"line":17,"column":41},"end":{"line":17,"column":65}},"type":"default-arg","locations":[{"start":{"line":17,"column":49},"end":{"line":17,"column":65}}],"line":17}},"s":{"0":1,"1":0,"2":0,"3":0,"4":1},"f":{"0":0},"b":{"0":[0]},"_coverageSchema":"1a1c01bbd47fc00a2c39e90264f33305004495a9","hash":"b54d4544d24e3334ccb6188a1e894cedaaf316c3"}
,"C:\\Users\\Lucas\\OneDrive\\Escritorio\\4to AÑO\\Desarrollo_aplicaciones\\ObraSocialFront\\src\\components\\HistoryCard.tsx": {"path":"C:\\Users\\Lucas\\OneDrive\\Escritorio\\4to AÑO\\Desarrollo_aplicaciones\\ObraSocialFront\\src\\components\\HistoryCard.tsx","statementMap":{"0":{"start":{"line":10,"column":18},"end":{"line":10,"column":42}},"1":{"start":{"line":11,"column":19},"end":{"line":11,"column":29}},"2":{"start":{"line":22,"column":48},"end":{"line":52,"column":1}},"3":{"start":{"line":30,"column":2},"end":{"line":51,"column":9}},"4":{"start":{"line":54,"column":15},"end":{"line":90,"column":2}}},"fnMap":{"0":{"name":"(anonymous_0)","decl":{"start":{"line":22,"column":48},"end":{"line":22,"column":49}},"loc":{"start":{"line":30,"column":2},"end":{"line":51,"column":9}},"line":30}},"branchMap":{},"s":{"0":1,"1":1,"2":1,"3":1,"4":1},"f":{"0":1},"b":{},"_coverageSchema":"1a1c01bbd47fc00a2c39e90264f33305004495a9","hash":"4616d224a0272ef433b02ce6a7de7a7d5be889a1"}
,"C:\\Users\\Lucas\\OneDrive\\Escritorio\\4to AÑO\\Desarrollo_aplicaciones\\ObraSocialFront\\src\\components\\LoginForm.tsx": {"path":"C:\\Users\\Lucas\\OneDrive\\Escritorio\\4to AÑO\\Desarrollo_aplicaciones\\ObraSocialFront\\src\\components\\LoginForm.tsx","statementMap":{"0":{"start":{"line":23,"column":18},"end":{"line":23,"column":50}},"1":{"start":{"line":26,"column":28},"end":{"line":129,"column":1}},"2":{"start":{"line":27,"column":26},"end":{"line":27,"column":38}},"3":{"start":{"line":28,"column":26},"end":{"line":28,"column":38}},"4":{"start":{"line":29,"column":52},"end":{"line":29,"column":67}},"5":{"start":{"line":30,"column":32},"end":{"line":30,"column":47}},"6":{"start":{"line":31,"column":21},"end":{"line":31,"column":63}},"7":{"start":{"line":32,"column":28},"end":{"line":32,"column":38}},"8":{"start":{"line":34,"column":22},"end":{"line":83,"column":3}},"9":{"start":{"line":35,"column":4},"end":{"line":37,"column":5}},"10":{"start":{"line":36,"column":6},"end":{"line":36,"column":75}},"11":{"start":{"line":38,"column":4},"end":{"line":38,"column":21}},"12":{"start":{"line":39,"column":4},"end":{"line":82,"column":5}},"13":{"start":{"line":40,"column":18},"end":{"line":44,"column":8}},"14":{"start":{"line":45,"column":19},"end":{"line":45,"column":35}},"15":{"start":{"line":46,"column":6},"end":{"line":76,"column":7}},"16":{"start":{"line":47,"column":8},"end":{"line":47,"column":69}},"17":{"start":{"line":48,"column":8},"end":{"line":48,"column":53}},"18":{"start":{"line":49,"column":8},"end":{"line":66,"column":9}},"19":{"start":{"line":50,"column":10},"end":{"line":50,"column":64}},"20":{"start":{"line":51,"column":10},"end":{"line":51,"column":70}},"21":{"start":{"line":54,"column":10},"end":{"line":65,"column":11}},"22":{"start":{"line":55,"column":31},"end":{"line":57,"column":14}},"23":{"start":{"line":58,"column":28},"end":{"line":58,"column":51}},"24":{"start":{"line":59,"column":12},"end":{"line":62,"column":13}},"25":{"start":{"line":60,"column":14},"end":{"line":60,"column":71}},"26":{"start":{"line":61,"column":14},"end":{"line":61,"column":72}},"27":{"start":{"line":64,"column":12},"end":{"line":64,"column":79}},"28":{"start":{"line":67,"column":8},"end":{"line":67,"column":77}},"29":{"start":{"line":68,"column":8},"end":{"line":68,"column":67}},"30":{"start":{"line":69,"column":8},"end":{"line":69,"column":36}},"31":{"start":{"line":71,"column":23},"end":{"line":71,"column":35}},"32":{"start":{"line":72,"column":8},"end":{"line":74,"column":9}},"33":{"start":{"line":73,"column":10},"end":{"line":73,"column":56}},"34":{"start":{"line":75,"column":8},"end":{"line":75,"column":75}},"35":{"start":{"line":78,"column":6},"end":{"line":78,"column":25}},"36":{"start":{"line":79,"column":6},"end":{"line":79,"column":61}},"37":{"start":{"line":81,"column":6},"end":{"line":81,"column":24}},"38":{"start":{"line":85,"column":2},"end":{"line":128,"column":4}},"39":{"start":{"line":108,"column":31},"end":{"line":108,"column":60}},"40":{"start":{"line":108,"column":57},"end":{"line":108,"column":59}},"41":{"start":{"line":121,"column":39},"end":{"line":121,"column":78}},"42":{"start":{"line":124,"column":39},"end":{"line":124,"column":70}},"43":{"start":{"line":131,"column":15},"end":{"line":202,"column":2}}},"fnMap":{"0":{"name":"(anonymous_0)","decl":{"start":{"line":26,"column":28},"end":{"line":26,"column":29}},"loc":{"start":{"line":26,"column":34},"end":{"line":129,"column":1}},"line":26},"1":{"name":"(anonymous_1)","decl":{"start":{"line":34,"column":22},"end":{"line":34,"column":23}},"loc":{"start":{"line":34,"column":34},"end":{"line":83,"column":3}},"line":34},"2":{"name":"(anonymous_2)","decl":{"start":{"line":108,"column":25},"end":{"line":108,"column":26}},"loc":{"start":{"line":108,"column":31},"end":{"line":108,"column":60}},"line":108},"3":{"name":"(anonymous_3)","decl":{"start":{"line":108,"column":52},"end":{"line":108,"column":53}},"loc":{"start":{"line":108,"column":57},"end":{"line":108,"column":59}},"line":108},"4":{"name":"(anonymous_4)","decl":{"start":{"line":121,"column":33},"end":{"line":121,"column":34}},"loc":{"start":{"line":121,"column":39},"end":{"line":121,"column":78}},"line":121},"5":{"name":"(anonymous_5)","decl":{"start":{"line":124,"column":33},"end":{"line":124,"column":34}},"loc":{"start":{"line":124,"column":39},"end":{"line":124,"column":70}},"line":124}},"branchMap":{"0":{"loc":{"start":{"line":35,"column":4},"end":{"line":37,"column":5}},"type":"if","locations":[{"start":{"line":35,"column":4},"end":{"line":37,"column":5}},{"start":{},"end":{}}],"line":35},"1":{"loc":{"start":{"line":35,"column":8},"end":{"line":35,"column":29}},"type":"binary-expr","locations":[{"start":{"line":35,"column":8},"end":{"line":35,"column":20}},{"start":{"line":35,"column":24},"end":{"line":35,"column":29}}],"line":35},"2":{"loc":{"start":{"line":46,"column":6},"end":{"line":76,"column":7}},"type":"if","locations":[{"start":{"line":46,"column":6},"end":{"line":76,"column":7}},{"start":{"line":70,"column":13},"end":{"line":76,"column":7}}],"line":46},"3":{"loc":{"start":{"line":46,"column":10},"end":{"line":46,"column":37}},"type":"binary-expr","locations":[{"start":{"line":46,"column":10},"end":{"line":46,"column":16}},{"start":{"line":46,"column":20},"end":{"line":46,"column":37}}],"line":46},"4":{"loc":{"start":{"line":49,"column":8},"end":{"line":66,"column":9}},"type":"if","locations":[{"start":{"line":49,"column":8},"end":{"line":66,"column":9}},{"start":{"line":52,"column":15},"end":{"line":66,"column":9}}],"line":49},"5":{"loc":{"start":{"line":59,"column":12},"end":{"line":62,"column":13}},"type":"if","locations":[{"start":{"line":59,"column":12},"end":{"line":62,"column":13}},{"start":{},"end":{}}],"line":59},"6":{"loc":{"start":{"line":72,"column":8},"end":{"line":74,"column":9}},"type":"if","locations":[{"start":{"line":72,"column":8},"end":{"line":74,"column":9}},{"start":{},"end":{}}],"line":72},"7":{"loc":{"start":{"line":72,"column":12},"end":{"line":72,"column":43}},"type":"binary-expr","locations":[{"start":{"line":72,"column":12},"end":{"line":72,"column":21}},{"start":{"line":72,"column":25},"end":{"line":72,"column":43}}],"line":72},"8":{"loc":{"start":{"line":75,"column":37},"end":{"line":75,"column":73}},"type":"binary-expr","locations":[{"start":{"line":75,"column":37},"end":{"line":75,"column":45}},{"start":{"line":75,"column":49},"end":{"line":75,"column":73}}],"line":75},"9":{"loc":{"start":{"line":86,"column":84},"end":{"line":86,"column":108}},"type":"cond-expr","locations":[{"start":{"line":86,"column":93},"end":{"line":86,"column":99}},{"start":{"line":86,"column":102},"end":{"line":86,"column":108}}],"line":86},"10":{"loc":{"start":{"line":116,"column":9},"end":{"line":118,"column":101}},"type":"cond-expr","locations":[{"start":{"line":117,"column":12},"end":{"line":117,"column":58}},{"start":{"line":118,"column":12},"end":{"line":118,"column":101}}],"line":116}},"s":{"0":1,"1":1,"2":2,"3":2,"4":2,"5":2,"6":2,"7":2,"8":2,"9":1,"10":1,"11":0,"12":0,"13":0,"14":0,"15":0,"16":0,"17":0,"18":0,"19":0,"20":0,"21":0,"22":0,"23":0,"24":0,"25":0,"26":0,"27":0,"28":0,"29":0,"30":0,"31":0,"32":0,"33":0,"34":0,"35":0,"36":0,"37":0,"38":2,"39":0,"40":0,"41":0,"42":0,"43":1},"f":{"0":2,"1":1,"2":0,"3":0,"4":0,"5":0},"b":{"0":[1,0],"1":[1,0],"2":[0,0],"3":[0,0],"4":[0,0],"5":[0,0],"6":[0,0],"7":[0,0],"8":[0,0],"9":[0,2],"10":[0,2]},"_coverageSchema":"1a1c01bbd47fc00a2c39e90264f33305004495a9","hash":"0ada98696425136ace86e9207fa08eaf6c86e7b3"}
,"C:\\Users\\Lucas\\OneDrive\\Escritorio\\4to AÑO\\Desarrollo_aplicaciones\\ObraSocialFront\\src\\components\\MyAppointments.tsx": {"path":"C:\\Users\\Lucas\\OneDrive\\Escritorio\\4to AÑO\\Desarrollo_aplicaciones\\ObraSocialFront\\src\\components\\MyAppointments.tsx","statementMap":{"0":{"start":{"line":4,"column":23},"end":{"line":10,"column":1}},"1":{"start":{"line":5,"column":2},"end":{"line":9,"column":4}},"2":{"start":{"line":12,"column":15},"end":{"line":23,"column":2}}},"fnMap":{"0":{"name":"(anonymous_0)","decl":{"start":{"line":4,"column":23},"end":{"line":4,"column":24}},"loc":{"start":{"line":4,"column":29},"end":{"line":10,"column":1}},"line":4}},"branchMap":{},"s":{"0":1,"1":1,"2":1},"f":{"0":1},"b":{},"_coverageSchema":"1a1c01bbd47fc00a2c39e90264f33305004495a9","hash":"4c5341c6618d3c02e0469e48b2cd616533158997"}
,"C:\\Users\\Lucas\\OneDrive\\Escritorio\\4to AÑO\\Desarrollo_aplicaciones\\ObraSocialFront\\src\\components\\NavBar.tsx": {"path":"C:\\Users\\Lucas\\OneDrive\\Escritorio\\4to AÑO\\Desarrollo_aplicaciones\\ObraSocialFront\\src\\components\\NavBar.tsx","statementMap":{"0":{"start":{"line":22,"column":18},"end":{"line":22,"column":42}},"1":{"start":{"line":23,"column":19},"end":{"line":23,"column":28}},"2":{"start":{"line":38,"column":44},"end":{"line":38,"column":59}},"3":{"start":{"line":39,"column":38},"end":{"line":39,"column":57}},"4":{"start":{"line":40,"column":21},"end":{"line":40,"column":72}},"5":{"start":{"line":41,"column":28},"end":{"line":41,"column":38}},"6":{"start":{"line":43,"column":2},"end":{"line":56,"column":21}},"7":{"start":{"line":44,"column":31},"end":{"line":54,"column":5}},"8":{"start":{"line":45,"column":6},"end":{"line":53,"column":7}},"9":{"start":{"line":46,"column":23},"end":{"line":46,"column":59}},"10":{"start":{"line":47,"column":8},"end":{"line":47,"column":28}},"11":{"start":{"line":47,"column":21},"end":{"line":47,"column":28}},"12":{"start":{"line":48,"column":20},"end":{"line":48,"column":74}},"13":{"start":{"line":50,"column":8},"end":{"line":50,"column":68}},"14":{"start":{"line":50,"column":50},"end":{"line":50,"column":58}},"15":{"start":{"line":52,"column":8},"end":{"line":52,"column":25}},"16":{"start":{"line":55,"column":4},"end":{"line":55,"column":25}},"17":{"start":{"line":59,"column":2},"end":{"line":61,"column":27}},"18":{"start":{"line":60,"column":4},"end":{"line":60,"column":45}},"19":{"start":{"line":60,"column":28},"end":{"line":60,"column":45}},"20":{"start":{"line":63,"column":23},"end":{"line":72,"column":3}},"21":{"start":{"line":64,"column":4},"end":{"line":64,"column":28}},"22":{"start":{"line":65,"column":4},"end":{"line":70,"column":6}},"23":{"start":{"line":71,"column":4},"end":{"line":71,"column":74}},"24":{"start":{"line":79,"column":7},"end":{"line":85,"column":3}},"25":{"start":{"line":87,"column":22},"end":{"line":93,"column":3}},"26":{"start":{"line":88,"column":4},"end":{"line":92,"column":5}},"27":{"start":{"line":89,"column":6},"end":{"line":89,"column":29}},"28":{"start":{"line":90,"column":11},"end":{"line":92,"column":5}},"29":{"start":{"line":91,"column":6},"end":{"line":91,"column":34}},"30":{"start":{"line":95,"column":2},"end":{"line":176,"column":4}},"31":{"start":{"line":99,"column":29},"end":{"line":99,"column":54}},"32":{"start":{"line":100,"column":24},"end":{"line":100,"column":34}},"33":{"start":{"line":101,"column":25},"end":{"line":101,"column":50}},"34":{"start":{"line":102,"column":26},"end":{"line":102,"column":54}},"35":{"start":{"line":103,"column":10},"end":{"line":162,"column":12}},"36":{"start":{"line":110,"column":29},"end":{"line":110,"column":63}},"37":{"start":{"line":173,"column":23},"end":{"line":173,"column":46}},"38":{"start":{"line":180,"column":19},"end":{"line":180,"column":22}},"39":{"start":{"line":181,"column":20},"end":{"line":181,"column":22}},"40":{"start":{"line":183,"column":15},"end":{"line":227,"column":2}}},"fnMap":{"0":{"name":"NavBar","decl":{"start":{"line":37,"column":24},"end":{"line":37,"column":30}},"loc":{"start":{"line":37,"column":82},"end":{"line":177,"column":1}},"line":37},"1":{"name":"(anonymous_1)","decl":{"start":{"line":43,"column":12},"end":{"line":43,"column":13}},"loc":{"start":{"line":43,"column":18},"end":{"line":56,"column":3}},"line":43},"2":{"name":"(anonymous_2)","decl":{"start":{"line":44,"column":31},"end":{"line":44,"column":32}},"loc":{"start":{"line":44,"column":43},"end":{"line":54,"column":5}},"line":44},"3":{"name":"(anonymous_3)","decl":{"start":{"line":50,"column":38},"end":{"line":50,"column":39}},"loc":{"start":{"line":50,"column":50},"end":{"line":50,"column":58}},"line":50},"4":{"name":"(anonymous_4)","decl":{"start":{"line":59,"column":12},"end":{"line":59,"column":13}},"loc":{"start":{"line":59,"column":18},"end":{"line":61,"column":3}},"line":59},"5":{"name":"(anonymous_5)","decl":{"start":{"line":63,"column":23},"end":{"line":63,"column":24}},"loc":{"start":{"line":63,"column":29},"end":{"line":72,"column":3}},"line":63},"6":{"name":"(anonymous_6)","decl":{"start":{"line":87,"column":22},"end":{"line":87,"column":23}},"loc":{"start":{"line":87,"column":81},"end":{"line":93,"column":3}},"line":87},"7":{"name":"(anonymous_7)","decl":{"start":{"line":98,"column":22},"end":{"line":98,"column":23}},"loc":{"start":{"line":98,"column":30},"end":{"line":163,"column":9}},"line":98},"8":{"name":"(anonymous_8)","decl":{"start":{"line":110,"column":23},"end":{"line":110,"column":24}},"loc":{"start":{"line":110,"column":29},"end":{"line":110,"column":63}},"line":110},"9":{"name":"(anonymous_9)","decl":{"start":{"line":173,"column":17},"end":{"line":173,"column":18}},"loc":{"start":{"line":173,"column":23},"end":{"line":173,"column":46}},"line":173}},"branchMap":{"0":{"loc":{"start":{"line":47,"column":8},"end":{"line":47,"column":28}},"type":"if","locations":[{"start":{"line":47,"column":8},"end":{"line":47,"column":28}},{"start":{},"end":{}}],"line":47},"1":{"loc":{"start":{"line":60,"column":4},"end":{"line":60,"column":45}},"type":"if","locations":[{"start":{"line":60,"column":4},"end":{"line":60,"column":45}},{"start":{},"end":{}}],"line":60},"2":{"loc":{"start":{"line":88,"column":4},"end":{"line":92,"column":5}},"type":"if","locations":[{"start":{"line":88,"column":4},"end":{"line":92,"column":5}},{"start":{"line":90,"column":11},"end":{"line":92,"column":5}}],"line":88},"3":{"loc":{"start":{"line":90,"column":11},"end":{"line":92,"column":5}},"type":"if","locations":[{"start":{"line":90,"column":11},"end":{"line":92,"column":5}},{"start":{},"end":{}}],"line":90},"4":{"loc":{"start":{"line":108,"column":16},"end":{"line":108,"column":50}},"type":"binary-expr","locations":[{"start":{"line":108,"column":16},"end":{"line":108,"column":22}},{"start":{"line":108,"column":26},"end":{"line":108,"column":50}}],"line":108},"5":{"loc":{"start":{"line":113,"column":15},"end":{"line":150,"column":15}},"type":"cond-expr","locations":[{"start":{"line":114,"column":16},"end":{"line":125,"column":23}},{"start":{"line":127,"column":16},"end":{"line":149,"column":23}}],"line":113},"6":{"loc":{"start":{"line":117,"column":20},"end":{"line":117,"column":68}},"type":"binary-expr","locations":[{"start":{"line":117,"column":20},"end":{"line":117,"column":30}},{"start":{"line":117,"column":34},"end":{"line":117,"column":68}}],"line":117},"7":{"loc":{"start":{"line":122,"column":26},"end":{"line":122,"column":46}},"type":"cond-expr","locations":[{"start":{"line":122,"column":39},"end":{"line":122,"column":41}},{"start":{"line":122,"column":44},"end":{"line":122,"column":46}}],"line":122},"8":{"loc":{"start":{"line":130,"column":26},"end":{"line":130,"column":46}},"type":"cond-expr","locations":[{"start":{"line":130,"column":39},"end":{"line":130,"column":41}},{"start":{"line":130,"column":44},"end":{"line":130,"column":46}}],"line":130},"9":{"loc":{"start":{"line":131,"column":27},"end":{"line":131,"column":86}},"type":"cond-expr","locations":[{"start":{"line":131,"column":40},"end":{"line":131,"column":53}},{"start":{"line":131,"column":57},"end":{"line":131,"column":85}}],"line":131},"10":{"loc":{"start":{"line":131,"column":57},"end":{"line":131,"column":85}},"type":"cond-expr","locations":[{"start":{"line":131,"column":66},"end":{"line":131,"column":76}},{"start":{"line":131,"column":79},"end":{"line":131,"column":85}}],"line":131},"11":{"loc":{"start":{"line":133,"column":19},"end":{"line":148,"column":19}},"type":"binary-expr","locations":[{"start":{"line":133,"column":19},"end":{"line":133,"column":26}},{"start":{"line":133,"column":30},"end":{"line":133,"column":44}},{"start":{"line":134,"column":20},"end":{"line":147,"column":27}}],"line":133},"12":{"loc":{"start":{"line":154,"column":27},"end":{"line":154,"column":86}},"type":"cond-expr","locations":[{"start":{"line":154,"column":40},"end":{"line":154,"column":53}},{"start":{"line":154,"column":57},"end":{"line":154,"column":85}}],"line":154},"13":{"loc":{"start":{"line":154,"column":57},"end":{"line":154,"column":85}},"type":"cond-expr","locations":[{"start":{"line":154,"column":66},"end":{"line":154,"column":76}},{"start":{"line":154,"column":79},"end":{"line":154,"column":85}}],"line":154},"14":{"loc":{"start":{"line":155,"column":18},"end":{"line":155,"column":52}},"type":"binary-expr","locations":[{"start":{"line":155,"column":18},"end":{"line":155,"column":28}},{"start":{"line":155,"column":32},"end":{"line":155,"column":52}}],"line":155}},"s":{"0":1,"1":1,"2":1,"3":1,"4":1,"5":1,"6":1,"7":1,"8":1,"9":1,"10":1,"11":1,"12":0,"13":0,"14":0,"15":0,"16":1,"17":1,"18":1,"19":0,"20":1,"21":0,"22":0,"23":0,"24":1,"25":1,"26":0,"27":0,"28":0,"29":0,"30":1,"31":5,"32":5,"33":5,"34":5,"35":5,"36":0,"37":0,"38":1,"39":1,"40":1},"f":{"0":1,"1":1,"2":1,"3":0,"4":1,"5":0,"6":0,"7":5,"8":0,"9":0},"b":{"0":[1,0],"1":[0,1],"2":[0,0],"3":[0,0],"4":[5,1],"5":[1,4],"6":[1,0],"7":[0,1],"8":[0,4],"9":[0,4],"10":[0,4],"11":[4,1,0],"12":[0,5],"13":[0,5],"14":[5,0]},"_coverageSchema":"1a1c01bbd47fc00a2c39e90264f33305004495a9","hash":"2f76025169240552dc090e27958131ca8993ddf9"}
,"C:\\Users\\Lucas\\OneDrive\\Escritorio\\4to AÑO\\Desarrollo_aplicaciones\\ObraSocialFront\\src\\components\\NotificationCard.tsx": {"path":"C:\\Users\\Lucas\\OneDrive\\Escritorio\\4to AÑO\\Desarrollo_aplicaciones\\ObraSocialFront\\src\\components\\NotificationCard.tsx","statementMap":{"0":{"start":{"line":14,"column":19},"end":{"line":17,"column":1}},"1":{"start":{"line":16,"column":2},"end":{"line":16,"column":29}},"2":{"start":{"line":19,"column":58},"end":{"line":46,"column":1}},"3":{"start":{"line":27,"column":2},"end":{"line":45,"column":4}},"4":{"start":{"line":48,"column":15},"end":{"line":89,"column":2}}},"fnMap":{"0":{"name":"(anonymous_0)","decl":{"start":{"line":14,"column":19},"end":{"line":14,"column":20}},"loc":{"start":{"line":14,"column":51},"end":{"line":17,"column":1}},"line":14},"1":{"name":"(anonymous_1)","decl":{"start":{"line":19,"column":58},"end":{"line":19,"column":59}},"loc":{"start":{"line":26,"column":6},"end":{"line":46,"column":1}},"line":26}},"branchMap":{},"s":{"0":1,"1":0,"2":1,"3":1,"4":1},"f":{"0":0,"1":1},"b":{},"_coverageSchema":"1a1c01bbd47fc00a2c39e90264f33305004495a9","hash":"272c4b41f56ed7cb8e1f10acd1a3820de03d766b"}
,"C:\\Users\\Lucas\\OneDrive\\Escritorio\\4to AÑO\\Desarrollo_aplicaciones\\ObraSocialFront\\src\\components\\UserDetails.tsx": {"path":"C:\\Users\\Lucas\\OneDrive\\Escritorio\\4to AÑO\\Desarrollo_aplicaciones\\ObraSocialFront\\src\\components\\UserDetails.tsx","statementMap":{"0":{"start":{"line":7,"column":18},"end":{"line":7,"column":42}},"1":{"start":{"line":8,"column":18},"end":{"line":8,"column":28}},"2":{"start":{"line":10,"column":20},"end":{"line":77,"column":1}},"3":{"start":{"line":11,"column":34},"end":{"line":11,"column":46}},"4":{"start":{"line":12,"column":44},"end":{"line":12,"column":73}},"5":{"start":{"line":14,"column":0},"end":{"line":56,"column":7}},"6":{"start":{"line":15,"column":24},"end":{"line":53,"column":3}},"7":{"start":{"line":16,"column":4},"end":{"line":52,"column":5}},"8":{"start":{"line":17,"column":23},"end":{"line":17,"column":61}},"9":{"start":{"line":18,"column":21},"end":{"line":18,"column":57}},"10":{"start":{"line":20,"column":6},"end":{"line":20,"column":44}},"11":{"start":{"line":21,"column":6},"end":{"line":21,"column":41}},"12":{"start":{"line":24,"column":6},"end":{"line":28,"column":7}},"13":{"start":{"line":25,"column":20},"end":{"line":25,"column":85}},"14":{"start":{"line":26,"column":21},"end":{"line":26,"column":29}},"15":{"start":{"line":27,"column":8},"end":{"line":27,"column":52}},"16":{"start":{"line":31,"column":6},"end":{"line":47,"column":7}},"17":{"start":{"line":32,"column":8},"end":{"line":44,"column":9}},"18":{"start":{"line":33,"column":24},"end":{"line":33,"column":78}},"19":{"start":{"line":34,"column":10},"end":{"line":34,"column":62}},"20":{"start":{"line":36,"column":10},"end":{"line":43,"column":11}},"21":{"start":{"line":38,"column":12},"end":{"line":38,"column":35}},"22":{"start":{"line":41,"column":12},"end":{"line":41,"column":66}},"23":{"start":{"line":42,"column":12},"end":{"line":42,"column":35}},"24":{"start":{"line":46,"column":8},"end":{"line":46,"column":31}},"25":{"start":{"line":50,"column":6},"end":{"line":50,"column":66}},"26":{"start":{"line":51,"column":6},"end":{"line":51,"column":29}},"27":{"start":{"line":55,"column":2},"end":{"line":55,"column":18}},"28":{"start":{"line":59,"column":2},"end":{"line":76,"column":4}},"29":{"start":{"line":79,"column":15},"end":{"line":126,"column":2}}},"fnMap":{"0":{"name":"(anonymous_0)","decl":{"start":{"line":10,"column":20},"end":{"line":10,"column":21}},"loc":{"start":{"line":10,"column":26},"end":{"line":77,"column":1}},"line":10},"1":{"name":"(anonymous_1)","decl":{"start":{"line":14,"column":10},"end":{"line":14,"column":11}},"loc":{"start":{"line":14,"column":16},"end":{"line":56,"column":1}},"line":14},"2":{"name":"(anonymous_2)","decl":{"start":{"line":15,"column":24},"end":{"line":15,"column":25}},"loc":{"start":{"line":15,"column":36},"end":{"line":53,"column":3}},"line":15}},"branchMap":{"0":{"loc":{"start":{"line":24,"column":6},"end":{"line":28,"column":7}},"type":"if","locations":[{"start":{"line":24,"column":6},"end":{"line":28,"column":7}},{"start":{},"end":{}}],"line":24},"1":{"loc":{"start":{"line":31,"column":6},"end":{"line":47,"column":7}},"type":"if","locations":[{"start":{"line":31,"column":6},"end":{"line":47,"column":7}},{"start":{"line":45,"column":13},"end":{"line":47,"column":7}}],"line":31},"2":{"loc":{"start":{"line":34,"column":27},"end":{"line":34,"column":60}},"type":"binary-expr","locations":[{"start":{"line":34,"column":27},"end":{"line":34,"column":52}},{"start":{"line":34,"column":56},"end":{"line":34,"column":60}}],"line":34},"3":{"loc":{"start":{"line":36,"column":10},"end":{"line":43,"column":11}},"type":"if","locations":[{"start":{"line":36,"column":10},"end":{"line":43,"column":11}},{"start":{"line":39,"column":17},"end":{"line":43,"column":11}}],"line":36},"4":{"loc":{"start":{"line":36,"column":14},"end":{"line":36,"column":61}},"type":"binary-expr","locations":[{"start":{"line":36,"column":14},"end":{"line":36,"column":28}},{"start":{"line":36,"column":32},"end":{"line":36,"column":61}}],"line":36},"5":{"loc":{"start":{"line":63,"column":37},"end":{"line":63,"column":62}},"type":"binary-expr","locations":[{"start":{"line":63,"column":37},"end":{"line":63,"column":45}},{"start":{"line":63,"column":49},"end":{"line":63,"column":62}}],"line":63},"6":{"loc":{"start":{"line":64,"column":11},"end":{"line":71,"column":11}},"type":"cond-expr","locations":[{"start":{"line":65,"column":12},"end":{"line":65,"column":59}},{"start":{"line":67,"column":12},"end":{"line":70,"column":15}}],"line":64}},"s":{"0":1,"1":1,"2":1,"3":1,"4":1,"5":1,"6":1,"7":1,"8":1,"9":1,"10":1,"11":1,"12":1,"13":0,"14":0,"15":0,"16":1,"17":0,"18":0,"19":0,"20":0,"21":0,"22":0,"23":0,"24":1,"25":0,"26":0,"27":1,"28":1,"29":1},"f":{"0":1,"1":1,"2":1},"b":{"0":[0,1],"1":[0,1],"2":[0,0],"3":[0,0],"4":[0,0],"5":[1,1],"6":[0,1]},"_coverageSchema":"1a1c01bbd47fc00a2c39e90264f33305004495a9","hash":"c8580707b3313ab56c211526452d31f8619dae74"}
,"C:\\Users\\Lucas\\OneDrive\\Escritorio\\4to AÑO\\Desarrollo_aplicaciones\\ObraSocialFront\\src\\theme\\ThemeContext.tsx": {"path":"C:\\Users\\Lucas\\OneDrive\\Escritorio\\4to AÑO\\Desarrollo_aplicaciones\\ObraSocialFront\\src\\theme\\ThemeContext.tsx","statementMap":{"0":{"start":{"line":5,"column":19},"end":{"line":17,"column":1}},"1":{"start":{"line":19,"column":18},"end":{"line":31,"column":1}},"2":{"start":{"line":33,"column":21},"end":{"line":37,"column":2}},"3":{"start":{"line":39,"column":24},"end":{"line":39,"column":54}},"4":{"start":{"line":39,"column":30},"end":{"line":39,"column":54}},"5":{"start":{"line":41,"column":29},"end":{"line":82,"column":1}},"6":{"start":{"line":42,"column":30},"end":{"line":42,"column":45}},"7":{"start":{"line":43,"column":28},"end":{"line":43,"column":48}},"8":{"start":{"line":45,"column":2},"end":{"line":63,"column":9}},"9":{"start":{"line":46,"column":4},"end":{"line":62,"column":9}},"10":{"start":{"line":47,"column":20},"end":{"line":47,"column":55}},"11":{"start":{"line":48,"column":6},"end":{"line":61,"column":7}},"12":{"start":{"line":49,"column":8},"end":{"line":49,"column":24}},"13":{"start":{"line":50,"column":8},"end":{"line":50,"column":28}},"14":{"start":{"line":51,"column":13},"end":{"line":61,"column":7}},"15":{"start":{"line":52,"column":8},"end":{"line":52,"column":25}},"16":{"start":{"line":53,"column":8},"end":{"line":53,"column":29}},"17":{"start":{"line":56,"column":28},"end":{"line":56,"column":55}},"18":{"start":{"line":57,"column":8},"end":{"line":60,"column":9}},"19":{"start":{"line":58,"column":10},"end":{"line":58,"column":26}},"20":{"start":{"line":59,"column":10},"end":{"line":59,"column":30}},"21":{"start":{"line":65,"column":22},"end":{"line":75,"column":3}},"22":{"start":{"line":66,"column":4},"end":{"line":74,"column":5}},"23":{"start":{"line":67,"column":6},"end":{"line":67,"column":23}},"24":{"start":{"line":68,"column":6},"end":{"line":68,"column":27}},"25":{"start":{"line":69,"column":6},"end":{"line":69,"column":51}},"26":{"start":{"line":71,"column":6},"end":{"line":71,"column":22}},"27":{"start":{"line":72,"column":6},"end":{"line":72,"column":26}},"28":{"start":{"line":73,"column":6},"end":{"line":73,"column":50}},"29":{"start":{"line":77,"column":2},"end":{"line":81,"column":4}}},"fnMap":{"0":{"name":"(anonymous_0)","decl":{"start":{"line":35,"column":15},"end":{"line":35,"column":16}},"loc":{"start":{"line":35,"column":21},"end":{"line":35,"column":23}},"line":35},"1":{"name":"(anonymous_1)","decl":{"start":{"line":39,"column":24},"end":{"line":39,"column":25}},"loc":{"start":{"line":39,"column":30},"end":{"line":39,"column":54}},"line":39},"2":{"name":"(anonymous_2)","decl":{"start":{"line":41,"column":29},"end":{"line":41,"column":30}},"loc":{"start":{"line":41,"column":78},"end":{"line":82,"column":1}},"line":41},"3":{"name":"(anonymous_3)","decl":{"start":{"line":45,"column":12},"end":{"line":45,"column":13}},"loc":{"start":{"line":45,"column":18},"end":{"line":63,"column":3}},"line":45},"4":{"name":"(anonymous_4)","decl":{"start":{"line":46,"column":5},"end":{"line":46,"column":6}},"loc":{"start":{"line":46,"column":17},"end":{"line":62,"column":5}},"line":46},"5":{"name":"(anonymous_5)","decl":{"start":{"line":65,"column":22},"end":{"line":65,"column":23}},"loc":{"start":{"line":65,"column":34},"end":{"line":75,"column":3}},"line":65}},"branchMap":{"0":{"loc":{"start":{"line":48,"column":6},"end":{"line":61,"column":7}},"type":"if","locations":[{"start":{"line":48,"column":6},"end":{"line":61,"column":7}},{"start":{"line":51,"column":13},"end":{"line":61,"column":7}}],"line":48},"1":{"loc":{"start":{"line":51,"column":13},"end":{"line":61,"column":7}},"type":"if","locations":[{"start":{"line":51,"column":13},"end":{"line":61,"column":7}},{"start":{"line":54,"column":13},"end":{"line":61,"column":7}}],"line":51},"2":{"loc":{"start":{"line":57,"column":8},"end":{"line":60,"column":9}},"type":"if","locations":[{"start":{"line":57,"column":8},"end":{"line":60,"column":9}},{"start":{},"end":{}}],"line":57},"3":{"loc":{"start":{"line":66,"column":4},"end":{"line":74,"column":5}},"type":"if","locations":[{"start":{"line":66,"column":4},"end":{"line":74,"column":5}},{"start":{"line":70,"column":11},"end":{"line":74,"column":5}}],"line":66}},"s":{"0":3,"1":3,"2":3,"3":3,"4":2,"5":3,"6":0,"7":0,"8":0,"9":0,"10":0,"11":0,"12":0,"13":0,"14":0,"15":0,"16":0,"17":0,"18":0,"19":0,"20":0,"21":0,"22":0,"23":0,"24":0,"25":0,"26":0,"27":0,"28":0,"29":0},"f":{"0":0,"1":2,"2":0,"3":0,"4":0,"5":0},"b":{"0":[0,0],"1":[0,0],"2":[0,0],"3":[0,0]},"_coverageSchema":"1a1c01bbd47fc00a2c39e90264f33305004495a9","hash":"8a7ec43369a4b045f208cf7f25871cf674082788"}
,"C:\\Users\\Lucas\\OneDrive\\Escritorio\\4to AÑO\\Desarrollo_aplicaciones\\ObraSocialFront\\src\\utils\\theme.ts": {"path":"C:\\Users\\Lucas\\OneDrive\\Escritorio\\4to AÑO\\Desarrollo_aplicaciones\\ObraSocialFront\\src\\utils\\theme.ts","statementMap":{"0":{"start":{"line":1,"column":31},"end":{"line":1,"column":34}},"1":{"start":{"line":2,"column":31},"end":{"line":2,"column":33}},"2":{"start":{"line":3,"column":31},"end":{"line":3,"column":40}},"3":{"start":{"line":4,"column":33},"end":{"line":4,"column":42}},"4":{"start":{"line":5,"column":33},"end":{"line":5,"column":35}}},"fnMap":{},"branchMap":{},"s":{"0":1,"1":1,"2":1,"3":1,"4":1},"f":{},"b":{},"_coverageSchema":"1a1c01bbd47fc00a2c39e90264f33305004495a9","hash":"8a9550a4c865777c15cbd55da02d88f3410afcd0"}
}
