{"C:\\Users\\Lucas\\OneDrive\\Escritorio\\4to AÑO\\Desarrollo_aplicaciones\\ObraSocialFront\\src\\assets\\icons\\MainLogo.png": {"path":"C:\\Users\\Lucas\\OneDrive\\Escritorio\\4to AÑO\\Desarrollo_aplicaciones\\ObraSocialFront\\src\\assets\\icons\\MainLogo.png","statementMap":{"0":{"start":{"line":1,"column":0},"end":{"line":4,"column":6}}},"fnMap":{},"branchMap":{},"s":{"0":2},"f":{},"b":{},"_coverageSchema":"1a1c01bbd47fc00a2c39e90264f33305004495a9","hash":"ff9e47b4067b5b1f86d9d59eef64ba5cdc78ec12"}
,"C:\\Users\\Lucas\\OneDrive\\Escritorio\\4to AÑO\\Desarrollo_aplicaciones\\ObraSocialFront\\src\\components\\ActionButton.tsx": {"path":"C:\\Users\\Lucas\\OneDrive\\Escritorio\\4to AÑO\\Desarrollo_aplicaciones\\ObraSocialFront\\src\\components\\ActionButton.tsx","statementMap":{"0":{"start":{"line":14,"column":50},"end":{"line":29,"column":1}},"1":{"start":{"line":16,"column":21},"end":{"line":16,"column":72}},"2":{"start":{"line":17,"column":20},"end":{"line":17,"column":30}},"3":{"start":{"line":18,"column":17},"end":{"line":18,"column":36}},"4":{"start":{"line":19,"column":23},"end":{"line":21,"column":3}},"5":{"start":{"line":20,"column":4},"end":{"line":20,"column":32}},"6":{"start":{"line":23,"column":2},"end":{"line":28,"column":4}},"7":{"start":{"line":31,"column":21},"end":{"line":49,"column":2}},"8":{"start":{"line":31,"column":32},"end":{"line":49,"column":2}}},"fnMap":{"0":{"name":"(anonymous_0)","decl":{"start":{"line":14,"column":50},"end":{"line":14,"column":51}},"loc":{"start":{"line":14,"column":84},"end":{"line":29,"column":1}},"line":14},"1":{"name":"(anonymous_1)","decl":{"start":{"line":19,"column":23},"end":{"line":19,"column":24}},"loc":{"start":{"line":19,"column":29},"end":{"line":21,"column":3}},"line":19},"2":{"name":"(anonymous_2)","decl":{"start":{"line":31,"column":21},"end":{"line":31,"column":22}},"loc":{"start":{"line":31,"column":32},"end":{"line":49,"column":2}},"line":31}},"branchMap":{},"s":{"0":1,"1":1,"2":1,"3":1,"4":1,"5":1,"6":1,"7":1,"8":1},"f":{"0":1,"1":1,"2":1},"b":{},"_coverageSchema":"1a1c01bbd47fc00a2c39e90264f33305004495a9","hash":"4297332d713c870ec8b9b11ae93b8b09c0fcac2d"}
,"C:\\Users\\Lucas\\OneDrive\\Escritorio\\4to AÑO\\Desarrollo_aplicaciones\\ObraSocialFront\\src\\components\\BackButton.tsx": {"path":"C:\\Users\\Lucas\\OneDrive\\Escritorio\\4to AÑO\\Desarrollo_aplicaciones\\ObraSocialFront\\src\\components\\BackButton.tsx","statementMap":{"0":{"start":{"line":23,"column":46},"end":{"line":50,"column":1}},"1":{"start":{"line":29,"column":21},"end":{"line":29,"column":36}},"2":{"start":{"line":30,"column":22},"end":{"line":33,"column":3}},"3":{"start":{"line":31,"column":4},"end":{"line":31,"column":35}},"4":{"start":{"line":31,"column":17},"end":{"line":31,"column":35}},"5":{"start":{"line":32,"column":4},"end":{"line":32,"column":24}},"6":{"start":{"line":34,"column":20},"end":{"line":34,"column":30}},"7":{"start":{"line":35,"column":17},"end":{"line":35,"column":36}},"8":{"start":{"line":37,"column":2},"end":{"line":49,"column":4}},"9":{"start":{"line":52,"column":21},"end":{"line":66,"column":2}},"10":{"start":{"line":52,"column":32},"end":{"line":66,"column":2}}},"fnMap":{"0":{"name":"(anonymous_0)","decl":{"start":{"line":23,"column":46},"end":{"line":23,"column":47}},"loc":{"start":{"line":28,"column":6},"end":{"line":50,"column":1}},"line":28},"1":{"name":"(anonymous_1)","decl":{"start":{"line":30,"column":22},"end":{"line":30,"column":23}},"loc":{"start":{"line":30,"column":52},"end":{"line":33,"column":3}},"line":30},"2":{"name":"(anonymous_2)","decl":{"start":{"line":52,"column":21},"end":{"line":52,"column":22}},"loc":{"start":{"line":52,"column":32},"end":{"line":66,"column":2}},"line":52}},"branchMap":{"0":{"loc":{"start":{"line":25,"column":2},"end":{"line":25,"column":11}},"type":"default-arg","locations":[{"start":{"line":25,"column":9},"end":{"line":25,"column":11}}],"line":25},"1":{"loc":{"start":{"line":26,"column":2},"end":{"line":26,"column":15}},"type":"default-arg","locations":[{"start":{"line":26,"column":13},"end":{"line":26,"column":15}}],"line":26},"2":{"loc":{"start":{"line":31,"column":4},"end":{"line":31,"column":35}},"type":"if","locations":[{"start":{"line":31,"column":4},"end":{"line":31,"column":35}},{"start":{},"end":{}}],"line":31}},"s":{"0":1,"1":1,"2":1,"3":1,"4":0,"5":1,"6":1,"7":1,"8":1,"9":1,"10":1},"f":{"0":1,"1":1,"2":1},"b":{"0":[1],"1":[1],"2":[0,1]},"_coverageSchema":"1a1c01bbd47fc00a2c39e90264f33305004495a9","hash":"0873334ab9d66f23fba35e526933a024249c403e"}
,"C:\\Users\\Lucas\\OneDrive\\Escritorio\\4to AÑO\\Desarrollo_aplicaciones\\ObraSocialFront\\src\\components\\BottomNavbar.tsx": {"path":"C:\\Users\\Lucas\\OneDrive\\Escritorio\\4to AÑO\\Desarrollo_aplicaciones\\ObraSocialFront\\src\\components\\BottomNavbar.tsx","statementMap":{"0":{"start":{"line":4,"column":21},"end":{"line":21,"column":1}},"1":{"start":{"line":5,"column":2},"end":{"line":20,"column":4}},"2":{"start":{"line":23,"column":15},"end":{"line":43,"column":2}}},"fnMap":{"0":{"name":"(anonymous_0)","decl":{"start":{"line":4,"column":21},"end":{"line":4,"column":22}},"loc":{"start":{"line":4,"column":27},"end":{"line":21,"column":1}},"line":4}},"branchMap":{},"s":{"0":2,"1":2,"2":2},"f":{"0":2},"b":{},"_coverageSchema":"1a1c01bbd47fc00a2c39e90264f33305004495a9","hash":"d116fdde7572b0e5b73e805cc19943ba066dc334"}
,"C:\\Users\\Lucas\\OneDrive\\Escritorio\\4to AÑO\\Desarrollo_aplicaciones\\ObraSocialFront\\src\\components\\ConfirmationModal.tsx": {"path":"C:\\Users\\Lucas\\OneDrive\\Escritorio\\4to AÑO\\Desarrollo_aplicaciones\\ObraSocialFront\\src\\components\\ConfirmationModal.tsx","statementMap":{"0":{"start":{"line":25,"column":72},"end":{"line":28,"column":1}},"1":{"start":{"line":30,"column":44},"end":{"line":33,"column":1}},"2":{"start":{"line":35,"column":60},"end":{"line":84,"column":1}},"3":{"start":{"line":44,"column":23},"end":{"line":47,"column":3}},"4":{"start":{"line":45,"column":4},"end":{"line":45,"column":17}},"5":{"start":{"line":46,"column":4},"end":{"line":46,"column":14}},"6":{"start":{"line":49,"column":24},"end":{"line":52,"column":3}},"7":{"start":{"line":50,"column":4},"end":{"line":50,"column":16}},"8":{"start":{"line":51,"column":4},"end":{"line":51,"column":14}},"9":{"start":{"line":53,"column":20},"end":{"line":53,"column":30}},"10":{"start":{"line":54,"column":17},"end":{"line":54,"column":36}},"11":{"start":{"line":56,"column":2},"end":{"line":83,"column":4}},"12":{"start":{"line":85,"column":21},"end":{"line":131,"column":2}},"13":{"start":{"line":85,"column":32},"end":{"line":131,"column":2}}},"fnMap":{"0":{"name":"(anonymous_0)","decl":{"start":{"line":35,"column":60},"end":{"line":35,"column":61}},"loc":{"start":{"line":43,"column":6},"end":{"line":84,"column":1}},"line":43},"1":{"name":"(anonymous_1)","decl":{"start":{"line":44,"column":23},"end":{"line":44,"column":24}},"loc":{"start":{"line":44,"column":29},"end":{"line":47,"column":3}},"line":44},"2":{"name":"(anonymous_2)","decl":{"start":{"line":49,"column":24},"end":{"line":49,"column":25}},"loc":{"start":{"line":49,"column":30},"end":{"line":52,"column":3}},"line":49},"3":{"name":"(anonymous_3)","decl":{"start":{"line":85,"column":21},"end":{"line":85,"column":22}},"loc":{"start":{"line":85,"column":32},"end":{"line":131,"column":2}},"line":85}},"branchMap":{},"s":{"0":1,"1":1,"2":1,"3":1,"4":0,"5":0,"6":1,"7":0,"8":0,"9":1,"10":1,"11":1,"12":1,"13":1},"f":{"0":1,"1":0,"2":0,"3":1},"b":{},"_coverageSchema":"1a1c01bbd47fc00a2c39e90264f33305004495a9","hash":"b125a8ee6e40c5aabdd034e12397da6f540db59c"}
,"C:\\Users\\Lucas\\OneDrive\\Escritorio\\4to AÑO\\Desarrollo_aplicaciones\\ObraSocialFront\\src\\components\\Credential.tsx": {"path":"C:\\Users\\Lucas\\OneDrive\\Escritorio\\4to AÑO\\Desarrollo_aplicaciones\\ObraSocialFront\\src\\components\\Credential.tsx","statementMap":{"0":{"start":{"line":25,"column":46},"end":{"line":62,"column":1}},"1":{"start":{"line":26,"column":20},"end":{"line":26,"column":30}},"2":{"start":{"line":27,"column":17},"end":{"line":27,"column":36}},"3":{"start":{"line":28,"column":2},"end":{"line":61,"column":4}},"4":{"start":{"line":64,"column":21},"end":{"line":161,"column":2}},"5":{"start":{"line":64,"column":32},"end":{"line":161,"column":2}}},"fnMap":{"0":{"name":"(anonymous_0)","decl":{"start":{"line":25,"column":46},"end":{"line":25,"column":47}},"loc":{"start":{"line":25,"column":84},"end":{"line":62,"column":1}},"line":25},"1":{"name":"(anonymous_1)","decl":{"start":{"line":64,"column":21},"end":{"line":64,"column":22}},"loc":{"start":{"line":64,"column":32},"end":{"line":161,"column":2}},"line":64}},"branchMap":{"0":{"loc":{"start":{"line":39,"column":11},"end":{"line":44,"column":11}},"type":"binary-expr","locations":[{"start":{"line":39,"column":11},"end":{"line":39,"column":38}},{"start":{"line":40,"column":12},"end":{"line":43,"column":19}}],"line":39}},"s":{"0":1,"1":1,"2":1,"3":1,"4":1,"5":1},"f":{"0":1,"1":1},"b":{"0":[1,1]},"_coverageSchema":"1a1c01bbd47fc00a2c39e90264f33305004495a9","hash":"94789396a3ad2b517cf862f0888b08f8160c0fd4"}
,"C:\\Users\\Lucas\\OneDrive\\Escritorio\\4to AÑO\\Desarrollo_aplicaciones\\ObraSocialFront\\src\\components\\Header.tsx": {"path":"C:\\Users\\Lucas\\OneDrive\\Escritorio\\4to AÑO\\Desarrollo_aplicaciones\\ObraSocialFront\\src\\components\\Header.tsx","statementMap":{"0":{"start":{"line":18,"column":38},"end":{"line":31,"column":1}},"1":{"start":{"line":19,"column":17},"end":{"line":19,"column":36}},"2":{"start":{"line":20,"column":20},"end":{"line":20,"column":30}},"3":{"start":{"line":21,"column":17},"end":{"line":21,"column":36}},"4":{"start":{"line":23,"column":2},"end":{"line":30,"column":4}},"5":{"start":{"line":33,"column":21},"end":{"line":53,"column":2}},"6":{"start":{"line":33,"column":32},"end":{"line":53,"column":2}}},"fnMap":{"0":{"name":"(anonymous_0)","decl":{"start":{"line":18,"column":38},"end":{"line":18,"column":39}},"loc":{"start":{"line":18,"column":72},"end":{"line":31,"column":1}},"line":18},"1":{"name":"(anonymous_1)","decl":{"start":{"line":33,"column":21},"end":{"line":33,"column":22}},"loc":{"start":{"line":33,"column":32},"end":{"line":53,"column":2}},"line":33}},"branchMap":{"0":{"loc":{"start":{"line":18,"column":41},"end":{"line":18,"column":65}},"type":"default-arg","locations":[{"start":{"line":18,"column":49},"end":{"line":18,"column":65}}],"line":18}},"s":{"0":1,"1":0,"2":0,"3":0,"4":0,"5":1,"6":0},"f":{"0":0,"1":0},"b":{"0":[0]},"_coverageSchema":"1a1c01bbd47fc00a2c39e90264f33305004495a9","hash":"83182f06490a803e14eedf6378a1f5a9725f2c80"}
,"C:\\Users\\Lucas\\OneDrive\\Escritorio\\4to AÑO\\Desarrollo_aplicaciones\\ObraSocialFront\\src\\components\\HistoryCard.tsx": {"path":"C:\\Users\\Lucas\\OneDrive\\Escritorio\\4to AÑO\\Desarrollo_aplicaciones\\ObraSocialFront\\src\\components\\HistoryCard.tsx","statementMap":{"0":{"start":{"line":10,"column":18},"end":{"line":10,"column":42}},"1":{"start":{"line":11,"column":19},"end":{"line":11,"column":29}},"2":{"start":{"line":22,"column":48},"end":{"line":52,"column":1}},"3":{"start":{"line":30,"column":2},"end":{"line":51,"column":9}},"4":{"start":{"line":54,"column":15},"end":{"line":90,"column":2}}},"fnMap":{"0":{"name":"(anonymous_0)","decl":{"start":{"line":22,"column":48},"end":{"line":22,"column":49}},"loc":{"start":{"line":30,"column":2},"end":{"line":51,"column":9}},"line":30}},"branchMap":{},"s":{"0":1,"1":1,"2":1,"3":1,"4":1},"f":{"0":1},"b":{},"_coverageSchema":"1a1c01bbd47fc00a2c39e90264f33305004495a9","hash":"4616d224a0272ef433b02ce6a7de7a7d5be889a1"}
,"C:\\Users\\Lucas\\OneDrive\\Escritorio\\4to AÑO\\Desarrollo_aplicaciones\\ObraSocialFront\\src\\components\\LoginForm.tsx": {"path":"C:\\Users\\Lucas\\OneDrive\\Escritorio\\4to AÑO\\Desarrollo_aplicaciones\\ObraSocialFront\\src\\components\\LoginForm.tsx","statementMap":{"0":{"start":{"line":22,"column":18},"end":{"line":22,"column":50}},"1":{"start":{"line":25,"column":28},"end":{"line":177,"column":1}},"2":{"start":{"line":26,"column":26},"end":{"line":26,"column":38}},"3":{"start":{"line":27,"column":26},"end":{"line":27,"column":38}},"4":{"start":{"line":28,"column":52},"end":{"line":28,"column":67}},"5":{"start":{"line":29,"column":32},"end":{"line":29,"column":47}},"6":{"start":{"line":30,"column":21},"end":{"line":30,"column":63}},"7":{"start":{"line":32,"column":20},"end":{"line":126,"column":1}},"8":{"start":{"line":33,"column":2},"end":{"line":40,"column":3}},"9":{"start":{"line":34,"column":4},"end":{"line":38,"column":7}},"10":{"start":{"line":39,"column":4},"end":{"line":39,"column":11}},"11":{"start":{"line":42,"column":2},"end":{"line":42,"column":19}},"12":{"start":{"line":44,"column":2},"end":{"line":125,"column":3}},"13":{"start":{"line":45,"column":16},"end":{"line":49,"column":6}},"14":{"start":{"line":51,"column":17},"end":{"line":51,"column":33}},"15":{"start":{"line":53,"column":4},"end":{"line":75,"column":5}},"16":{"start":{"line":54,"column":6},"end":{"line":72,"column":7}},"17":{"start":{"line":55,"column":8},"end":{"line":59,"column":11}},"18":{"start":{"line":60,"column":13},"end":{"line":72,"column":7}},"19":{"start":{"line":61,"column":8},"end":{"line":65,"column":11}},"20":{"start":{"line":67,"column":8},"end":{"line":71,"column":11}},"21":{"start":{"line":74,"column":6},"end":{"line":74,"column":13}},"22":{"start":{"line":78,"column":4},"end":{"line":114,"column":5}},"23":{"start":{"line":79,"column":6},"end":{"line":79,"column":67}},"24":{"start":{"line":80,"column":6},"end":{"line":80,"column":51}},"25":{"start":{"line":82,"column":6},"end":{"line":99,"column":7}},"26":{"start":{"line":83,"column":8},"end":{"line":83,"column":62}},"27":{"start":{"line":84,"column":8},"end":{"line":84,"column":68}},"28":{"start":{"line":86,"column":8},"end":{"line":98,"column":9}},"29":{"start":{"line":87,"column":29},"end":{"line":89,"column":12}},"30":{"start":{"line":90,"column":26},"end":{"line":90,"column":49}},"31":{"start":{"line":92,"column":10},"end":{"line":95,"column":11}},"32":{"start":{"line":93,"column":12},"end":{"line":93,"column":69}},"33":{"start":{"line":94,"column":12},"end":{"line":94,"column":70}},"34":{"start":{"line":97,"column":10},"end":{"line":97,"column":61}},"35":{"start":{"line":101,"column":6},"end":{"line":105,"column":9}},"36":{"start":{"line":107,"column":6},"end":{"line":107,"column":34}},"37":{"start":{"line":109,"column":6},"end":{"line":113,"column":9}},"38":{"start":{"line":117,"column":4},"end":{"line":117,"column":53}},"39":{"start":{"line":118,"column":4},"end":{"line":122,"column":7}},"40":{"start":{"line":124,"column":4},"end":{"line":124,"column":22}},"41":{"start":{"line":128,"column":2},"end":{"line":176,"column":4}},"42":{"start":{"line":153,"column":31},"end":{"line":153,"column":60}},"43":{"start":{"line":153,"column":57},"end":{"line":153,"column":59}},"44":{"start":{"line":168,"column":39},"end":{"line":168,"column":78}},"45":{"start":{"line":172,"column":39},"end":{"line":172,"column":70}},"46":{"start":{"line":179,"column":15},"end":{"line":255,"column":2}}},"fnMap":{"0":{"name":"(anonymous_0)","decl":{"start":{"line":25,"column":28},"end":{"line":25,"column":29}},"loc":{"start":{"line":25,"column":34},"end":{"line":177,"column":1}},"line":25},"1":{"name":"(anonymous_1)","decl":{"start":{"line":32,"column":20},"end":{"line":32,"column":21}},"loc":{"start":{"line":32,"column":32},"end":{"line":126,"column":1}},"line":32},"2":{"name":"(anonymous_2)","decl":{"start":{"line":153,"column":25},"end":{"line":153,"column":26}},"loc":{"start":{"line":153,"column":31},"end":{"line":153,"column":60}},"line":153},"3":{"name":"(anonymous_3)","decl":{"start":{"line":153,"column":52},"end":{"line":153,"column":53}},"loc":{"start":{"line":153,"column":57},"end":{"line":153,"column":59}},"line":153},"4":{"name":"(anonymous_4)","decl":{"start":{"line":168,"column":33},"end":{"line":168,"column":34}},"loc":{"start":{"line":168,"column":39},"end":{"line":168,"column":78}},"line":168},"5":{"name":"(anonymous_5)","decl":{"start":{"line":172,"column":33},"end":{"line":172,"column":34}},"loc":{"start":{"line":172,"column":39},"end":{"line":172,"column":70}},"line":172}},"branchMap":{"0":{"loc":{"start":{"line":33,"column":2},"end":{"line":40,"column":3}},"type":"if","locations":[{"start":{"line":33,"column":2},"end":{"line":40,"column":3}},{"start":{},"end":{}}],"line":33},"1":{"loc":{"start":{"line":33,"column":6},"end":{"line":33,"column":27}},"type":"binary-expr","locations":[{"start":{"line":33,"column":6},"end":{"line":33,"column":18}},{"start":{"line":33,"column":22},"end":{"line":33,"column":27}}],"line":33},"2":{"loc":{"start":{"line":53,"column":4},"end":{"line":75,"column":5}},"type":"if","locations":[{"start":{"line":53,"column":4},"end":{"line":75,"column":5}},{"start":{},"end":{}}],"line":53},"3":{"loc":{"start":{"line":54,"column":6},"end":{"line":72,"column":7}},"type":"if","locations":[{"start":{"line":54,"column":6},"end":{"line":72,"column":7}},{"start":{"line":60,"column":13},"end":{"line":72,"column":7}}],"line":54},"4":{"loc":{"start":{"line":60,"column":13},"end":{"line":72,"column":7}},"type":"if","locations":[{"start":{"line":60,"column":13},"end":{"line":72,"column":7}},{"start":{"line":66,"column":13},"end":{"line":72,"column":7}}],"line":60},"5":{"loc":{"start":{"line":70,"column":17},"end":{"line":70,"column":62}},"type":"binary-expr","locations":[{"start":{"line":70,"column":17},"end":{"line":70,"column":30}},{"start":{"line":70,"column":34},"end":{"line":70,"column":62}}],"line":70},"6":{"loc":{"start":{"line":78,"column":4},"end":{"line":114,"column":5}},"type":"if","locations":[{"start":{"line":78,"column":4},"end":{"line":114,"column":5}},{"start":{"line":108,"column":11},"end":{"line":114,"column":5}}],"line":78},"7":{"loc":{"start":{"line":82,"column":6},"end":{"line":99,"column":7}},"type":"if","locations":[{"start":{"line":82,"column":6},"end":{"line":99,"column":7}},{"start":{"line":85,"column":13},"end":{"line":99,"column":7}}],"line":82},"8":{"loc":{"start":{"line":92,"column":10},"end":{"line":95,"column":11}},"type":"if","locations":[{"start":{"line":92,"column":10},"end":{"line":95,"column":11}},{"start":{},"end":{}}],"line":92},"9":{"loc":{"start":{"line":162,"column":9},"end":{"line":164,"column":70}},"type":"cond-expr","locations":[{"start":{"line":163,"column":12},"end":{"line":163,"column":49}},{"start":{"line":164,"column":12},"end":{"line":164,"column":70}}],"line":162}},"s":{"0":1,"1":1,"2":2,"3":2,"4":2,"5":2,"6":2,"7":2,"8":1,"9":1,"10":1,"11":0,"12":0,"13":0,"14":0,"15":0,"16":0,"17":0,"18":0,"19":0,"20":0,"21":0,"22":0,"23":0,"24":0,"25":0,"26":0,"27":0,"28":0,"29":0,"30":0,"31":0,"32":0,"33":0,"34":0,"35":0,"36":0,"37":0,"38":0,"39":0,"40":0,"41":2,"42":0,"43":0,"44":0,"45":0,"46":1},"f":{"0":2,"1":1,"2":0,"3":0,"4":0,"5":0},"b":{"0":[1,0],"1":[1,0],"2":[0,0],"3":[0,0],"4":[0,0],"5":[0,0],"6":[0,0],"7":[0,0],"8":[0,0],"9":[0,2]},"_coverageSchema":"1a1c01bbd47fc00a2c39e90264f33305004495a9","hash":"2e358a14844d238be2ca20cce22ae1a04981bb19"}
,"C:\\Users\\Lucas\\OneDrive\\Escritorio\\4to AÑO\\Desarrollo_aplicaciones\\ObraSocialFront\\src\\components\\MyAppointments.tsx": {"path":"C:\\Users\\Lucas\\OneDrive\\Escritorio\\4to AÑO\\Desarrollo_aplicaciones\\ObraSocialFront\\src\\components\\MyAppointments.tsx","statementMap":{"0":{"start":{"line":4,"column":23},"end":{"line":10,"column":1}},"1":{"start":{"line":5,"column":2},"end":{"line":9,"column":4}},"2":{"start":{"line":12,"column":15},"end":{"line":23,"column":2}}},"fnMap":{"0":{"name":"(anonymous_0)","decl":{"start":{"line":4,"column":23},"end":{"line":4,"column":24}},"loc":{"start":{"line":4,"column":29},"end":{"line":10,"column":1}},"line":4}},"branchMap":{},"s":{"0":1,"1":1,"2":1},"f":{"0":1},"b":{},"_coverageSchema":"1a1c01bbd47fc00a2c39e90264f33305004495a9","hash":"4c5341c6618d3c02e0469e48b2cd616533158997"}
,"C:\\Users\\Lucas\\OneDrive\\Escritorio\\4to AÑO\\Desarrollo_aplicaciones\\ObraSocialFront\\src\\components\\NavBar.tsx": {"path":"C:\\Users\\Lucas\\OneDrive\\Escritorio\\4to AÑO\\Desarrollo_aplicaciones\\ObraSocialFront\\src\\components\\NavBar.tsx","statementMap":{"0":{"start":{"line":21,"column":18},"end":{"line":21,"column":42}},"1":{"start":{"line":22,"column":19},"end":{"line":22,"column":28}},"2":{"start":{"line":36,"column":44},"end":{"line":36,"column":59}},"3":{"start":{"line":38,"column":21},"end":{"line":38,"column":72}},"4":{"start":{"line":39,"column":41},"end":{"line":39,"column":51}},"5":{"start":{"line":40,"column":17},"end":{"line":40,"column":36}},"6":{"start":{"line":42,"column":23},"end":{"line":52,"column":3}},"7":{"start":{"line":43,"column":4},"end":{"line":43,"column":28}},"8":{"start":{"line":44,"column":4},"end":{"line":49,"column":6}},"9":{"start":{"line":50,"column":4},"end":{"line":50,"column":31}},"10":{"start":{"line":50,"column":17},"end":{"line":50,"column":30}},"11":{"start":{"line":51,"column":4},"end":{"line":51,"column":74}},"12":{"start":{"line":59,"column":7},"end":{"line":65,"column":5}},"13":{"start":{"line":67,"column":22},"end":{"line":74,"column":3}},"14":{"start":{"line":68,"column":4},"end":{"line":73,"column":5}},"15":{"start":{"line":70,"column":6},"end":{"line":70,"column":29}},"16":{"start":{"line":71,"column":11},"end":{"line":73,"column":5}},"17":{"start":{"line":72,"column":6},"end":{"line":72,"column":34}},"18":{"start":{"line":76,"column":2},"end":{"line":135,"column":4}},"19":{"start":{"line":80,"column":29},"end":{"line":80,"column":54}},"20":{"start":{"line":81,"column":24},"end":{"line":81,"column":34}},"21":{"start":{"line":82,"column":25},"end":{"line":82,"column":50}},"22":{"start":{"line":84,"column":10},"end":{"line":121,"column":12}},"23":{"start":{"line":91,"column":29},"end":{"line":91,"column":63}},"24":{"start":{"line":132,"column":23},"end":{"line":132,"column":46}},"25":{"start":{"line":139,"column":19},"end":{"line":139,"column":22}},"26":{"start":{"line":140,"column":20},"end":{"line":140,"column":22}},"27":{"start":{"line":142,"column":21},"end":{"line":195,"column":2}},"28":{"start":{"line":142,"column":32},"end":{"line":195,"column":2}}},"fnMap":{"0":{"name":"NavBar","decl":{"start":{"line":35,"column":24},"end":{"line":35,"column":30}},"loc":{"start":{"line":35,"column":62},"end":{"line":136,"column":1}},"line":35},"1":{"name":"(anonymous_1)","decl":{"start":{"line":42,"column":23},"end":{"line":42,"column":24}},"loc":{"start":{"line":42,"column":29},"end":{"line":52,"column":3}},"line":42},"2":{"name":"(anonymous_2)","decl":{"start":{"line":67,"column":22},"end":{"line":67,"column":23}},"loc":{"start":{"line":67,"column":81},"end":{"line":74,"column":3}},"line":67},"3":{"name":"(anonymous_3)","decl":{"start":{"line":79,"column":22},"end":{"line":79,"column":23}},"loc":{"start":{"line":79,"column":30},"end":{"line":122,"column":9}},"line":79},"4":{"name":"(anonymous_4)","decl":{"start":{"line":91,"column":23},"end":{"line":91,"column":24}},"loc":{"start":{"line":91,"column":29},"end":{"line":91,"column":63}},"line":91},"5":{"name":"(anonymous_5)","decl":{"start":{"line":132,"column":17},"end":{"line":132,"column":18}},"loc":{"start":{"line":132,"column":23},"end":{"line":132,"column":46}},"line":132},"6":{"name":"(anonymous_6)","decl":{"start":{"line":142,"column":21},"end":{"line":142,"column":22}},"loc":{"start":{"line":142,"column":32},"end":{"line":195,"column":2}},"line":142}},"branchMap":{"0":{"loc":{"start":{"line":50,"column":4},"end":{"line":50,"column":31}},"type":"if","locations":[{"start":{"line":50,"column":4},"end":{"line":50,"column":31}},{"start":{},"end":{}}],"line":50},"1":{"loc":{"start":{"line":68,"column":4},"end":{"line":73,"column":5}},"type":"if","locations":[{"start":{"line":68,"column":4},"end":{"line":73,"column":5}},{"start":{"line":71,"column":11},"end":{"line":73,"column":5}}],"line":68},"2":{"loc":{"start":{"line":71,"column":11},"end":{"line":73,"column":5}},"type":"if","locations":[{"start":{"line":71,"column":11},"end":{"line":73,"column":5}},{"start":{},"end":{}}],"line":71},"3":{"loc":{"start":{"line":89,"column":16},"end":{"line":89,"column":50}},"type":"binary-expr","locations":[{"start":{"line":89,"column":16},"end":{"line":89,"column":22}},{"start":{"line":89,"column":26},"end":{"line":89,"column":50}}],"line":89},"4":{"loc":{"start":{"line":94,"column":15},"end":{"line":113,"column":15}},"type":"cond-expr","locations":[{"start":{"line":95,"column":16},"end":{"line":106,"column":23}},{"start":{"line":108,"column":16},"end":{"line":112,"column":18}}],"line":94},"5":{"loc":{"start":{"line":98,"column":20},"end":{"line":98,"column":65}},"type":"binary-expr","locations":[{"start":{"line":98,"column":20},"end":{"line":98,"column":30}},{"start":{"line":98,"column":34},"end":{"line":98,"column":65}}],"line":98},"6":{"loc":{"start":{"line":103,"column":26},"end":{"line":103,"column":46}},"type":"cond-expr","locations":[{"start":{"line":103,"column":39},"end":{"line":103,"column":41}},{"start":{"line":103,"column":44},"end":{"line":103,"column":46}}],"line":103},"7":{"loc":{"start":{"line":110,"column":24},"end":{"line":110,"column":44}},"type":"cond-expr","locations":[{"start":{"line":110,"column":37},"end":{"line":110,"column":39}},{"start":{"line":110,"column":42},"end":{"line":110,"column":44}}],"line":110},"8":{"loc":{"start":{"line":111,"column":25},"end":{"line":111,"column":69}},"type":"cond-expr","locations":[{"start":{"line":111,"column":38},"end":{"line":111,"column":53}},{"start":{"line":111,"column":56},"end":{"line":111,"column":69}}],"line":111},"9":{"loc":{"start":{"line":115,"column":38},"end":{"line":115,"column":72}},"type":"binary-expr","locations":[{"start":{"line":115,"column":38},"end":{"line":115,"column":48}},{"start":{"line":115,"column":52},"end":{"line":115,"column":72}}],"line":115}},"s":{"0":1,"1":1,"2":1,"3":1,"4":1,"5":1,"6":1,"7":0,"8":0,"9":0,"10":0,"11":0,"12":1,"13":1,"14":0,"15":0,"16":0,"17":0,"18":1,"19":5,"20":5,"21":5,"22":5,"23":0,"24":0,"25":1,"26":1,"27":1,"28":1},"f":{"0":1,"1":0,"2":0,"3":5,"4":0,"5":0,"6":1},"b":{"0":[0,0],"1":[0,0],"2":[0,0],"3":[5,1],"4":[1,4],"5":[1,0],"6":[0,1],"7":[0,4],"8":[0,4],"9":[5,0]},"_coverageSchema":"1a1c01bbd47fc00a2c39e90264f33305004495a9","hash":"1b04989fb9642807b501e751d56b7339cd0f3ee3"}
,"C:\\Users\\Lucas\\OneDrive\\Escritorio\\4to AÑO\\Desarrollo_aplicaciones\\ObraSocialFront\\src\\components\\NotificationCard.tsx": {"path":"C:\\Users\\Lucas\\OneDrive\\Escritorio\\4to AÑO\\Desarrollo_aplicaciones\\ObraSocialFront\\src\\components\\NotificationCard.tsx","statementMap":{"0":{"start":{"line":15,"column":19},"end":{"line":18,"column":1}},"1":{"start":{"line":17,"column":2},"end":{"line":17,"column":29}},"2":{"start":{"line":20,"column":58},"end":{"line":49,"column":1}},"3":{"start":{"line":28,"column":20},"end":{"line":28,"column":30}},"4":{"start":{"line":29,"column":17},"end":{"line":29,"column":36}},"5":{"start":{"line":30,"column":2},"end":{"line":48,"column":4}},"6":{"start":{"line":51,"column":21},"end":{"line":92,"column":2}},"7":{"start":{"line":51,"column":32},"end":{"line":92,"column":2}}},"fnMap":{"0":{"name":"(anonymous_0)","decl":{"start":{"line":15,"column":19},"end":{"line":15,"column":20}},"loc":{"start":{"line":15,"column":51},"end":{"line":18,"column":1}},"line":15},"1":{"name":"(anonymous_1)","decl":{"start":{"line":20,"column":58},"end":{"line":20,"column":59}},"loc":{"start":{"line":27,"column":6},"end":{"line":49,"column":1}},"line":27},"2":{"name":"(anonymous_2)","decl":{"start":{"line":51,"column":21},"end":{"line":51,"column":22}},"loc":{"start":{"line":51,"column":32},"end":{"line":92,"column":2}},"line":51}},"branchMap":{},"s":{"0":1,"1":0,"2":1,"3":1,"4":1,"5":1,"6":1,"7":1},"f":{"0":0,"1":1,"2":1},"b":{},"_coverageSchema":"1a1c01bbd47fc00a2c39e90264f33305004495a9","hash":"e08de5393b40167e3481ea8c571f4ee62df07177"}
,"C:\\Users\\Lucas\\OneDrive\\Escritorio\\4to AÑO\\Desarrollo_aplicaciones\\ObraSocialFront\\src\\components\\UserDetails.tsx": {"path":"C:\\Users\\Lucas\\OneDrive\\Escritorio\\4to AÑO\\Desarrollo_aplicaciones\\ObraSocialFront\\src\\components\\UserDetails.tsx","statementMap":{"0":{"start":{"line":9,"column":18},"end":{"line":9,"column":42}},"1":{"start":{"line":10,"column":18},"end":{"line":10,"column":28}},"2":{"start":{"line":12,"column":20},"end":{"line":81,"column":1}},"3":{"start":{"line":13,"column":34},"end":{"line":13,"column":46}},"4":{"start":{"line":14,"column":44},"end":{"line":14,"column":73}},"5":{"start":{"line":15,"column":20},"end":{"line":15,"column":30}},"6":{"start":{"line":16,"column":17},"end":{"line":16,"column":36}},"7":{"start":{"line":18,"column":2},"end":{"line":60,"column":9}},"8":{"start":{"line":19,"column":26},"end":{"line":57,"column":5}},"9":{"start":{"line":20,"column":6},"end":{"line":56,"column":7}},"10":{"start":{"line":21,"column":25},"end":{"line":21,"column":63}},"11":{"start":{"line":22,"column":23},"end":{"line":22,"column":59}},"12":{"start":{"line":24,"column":8},"end":{"line":24,"column":46}},"13":{"start":{"line":25,"column":8},"end":{"line":25,"column":43}},"14":{"start":{"line":28,"column":8},"end":{"line":32,"column":9}},"15":{"start":{"line":29,"column":22},"end":{"line":29,"column":87}},"16":{"start":{"line":30,"column":23},"end":{"line":30,"column":31}},"17":{"start":{"line":31,"column":10},"end":{"line":31,"column":54}},"18":{"start":{"line":35,"column":8},"end":{"line":51,"column":9}},"19":{"start":{"line":36,"column":10},"end":{"line":48,"column":11}},"20":{"start":{"line":37,"column":26},"end":{"line":37,"column":80}},"21":{"start":{"line":38,"column":12},"end":{"line":38,"column":64}},"22":{"start":{"line":40,"column":12},"end":{"line":47,"column":13}},"23":{"start":{"line":42,"column":14},"end":{"line":42,"column":37}},"24":{"start":{"line":45,"column":14},"end":{"line":45,"column":68}},"25":{"start":{"line":46,"column":14},"end":{"line":46,"column":37}},"26":{"start":{"line":50,"column":10},"end":{"line":50,"column":33}},"27":{"start":{"line":54,"column":8},"end":{"line":54,"column":68}},"28":{"start":{"line":55,"column":8},"end":{"line":55,"column":31}},"29":{"start":{"line":59,"column":4},"end":{"line":59,"column":20}},"30":{"start":{"line":63,"column":2},"end":{"line":80,"column":4}},"31":{"start":{"line":83,"column":21},"end":{"line":130,"column":2}},"32":{"start":{"line":83,"column":32},"end":{"line":130,"column":2}}},"fnMap":{"0":{"name":"(anonymous_0)","decl":{"start":{"line":12,"column":20},"end":{"line":12,"column":21}},"loc":{"start":{"line":12,"column":26},"end":{"line":81,"column":1}},"line":12},"1":{"name":"(anonymous_1)","decl":{"start":{"line":18,"column":12},"end":{"line":18,"column":13}},"loc":{"start":{"line":18,"column":18},"end":{"line":60,"column":3}},"line":18},"2":{"name":"(anonymous_2)","decl":{"start":{"line":19,"column":26},"end":{"line":19,"column":27}},"loc":{"start":{"line":19,"column":38},"end":{"line":57,"column":5}},"line":19},"3":{"name":"(anonymous_3)","decl":{"start":{"line":83,"column":21},"end":{"line":83,"column":22}},"loc":{"start":{"line":83,"column":32},"end":{"line":130,"column":2}},"line":83}},"branchMap":{"0":{"loc":{"start":{"line":28,"column":8},"end":{"line":32,"column":9}},"type":"if","locations":[{"start":{"line":28,"column":8},"end":{"line":32,"column":9}},{"start":{},"end":{}}],"line":28},"1":{"loc":{"start":{"line":35,"column":8},"end":{"line":51,"column":9}},"type":"if","locations":[{"start":{"line":35,"column":8},"end":{"line":51,"column":9}},{"start":{"line":49,"column":15},"end":{"line":51,"column":9}}],"line":35},"2":{"loc":{"start":{"line":38,"column":29},"end":{"line":38,"column":62}},"type":"binary-expr","locations":[{"start":{"line":38,"column":29},"end":{"line":38,"column":54}},{"start":{"line":38,"column":58},"end":{"line":38,"column":62}}],"line":38},"3":{"loc":{"start":{"line":40,"column":12},"end":{"line":47,"column":13}},"type":"if","locations":[{"start":{"line":40,"column":12},"end":{"line":47,"column":13}},{"start":{"line":43,"column":19},"end":{"line":47,"column":13}}],"line":40},"4":{"loc":{"start":{"line":40,"column":16},"end":{"line":40,"column":63}},"type":"binary-expr","locations":[{"start":{"line":40,"column":16},"end":{"line":40,"column":30}},{"start":{"line":40,"column":34},"end":{"line":40,"column":63}}],"line":40},"5":{"loc":{"start":{"line":67,"column":37},"end":{"line":67,"column":62}},"type":"binary-expr","locations":[{"start":{"line":67,"column":37},"end":{"line":67,"column":45}},{"start":{"line":67,"column":49},"end":{"line":67,"column":62}}],"line":67},"6":{"loc":{"start":{"line":68,"column":11},"end":{"line":75,"column":11}},"type":"cond-expr","locations":[{"start":{"line":69,"column":12},"end":{"line":69,"column":59}},{"start":{"line":71,"column":12},"end":{"line":74,"column":15}}],"line":68}},"s":{"0":1,"1":1,"2":1,"3":2,"4":2,"5":2,"6":2,"7":2,"8":1,"9":1,"10":1,"11":1,"12":1,"13":1,"14":1,"15":1,"16":1,"17":1,"18":1,"19":1,"20":1,"21":1,"22":0,"23":0,"24":0,"25":0,"26":0,"27":0,"28":0,"29":1,"30":2,"31":1,"32":2},"f":{"0":2,"1":1,"2":1,"3":2},"b":{"0":[1,0],"1":[1,0],"2":[1,0],"3":[0,0],"4":[0,0],"5":[2,1],"6":[1,1]},"_coverageSchema":"1a1c01bbd47fc00a2c39e90264f33305004495a9","hash":"d2ee9b1f68897ba9584589ad1117d068dcba8b67"}
,"C:\\Users\\Lucas\\OneDrive\\Escritorio\\4to AÑO\\Desarrollo_aplicaciones\\ObraSocialFront\\src\\contexts\\ThemeContext.tsx": {"path":"C:\\Users\\Lucas\\OneDrive\\Escritorio\\4to AÑO\\Desarrollo_aplicaciones\\ObraSocialFront\\src\\contexts\\ThemeContext.tsx","statementMap":{"0":{"start":{"line":4,"column":21},"end":{"line":4,"column":36}},"1":{"start":{"line":6,"column":19},"end":{"line":14,"column":1}},"2":{"start":{"line":16,"column":18},"end":{"line":24,"column":1}},"3":{"start":{"line":27,"column":29},"end":{"line":41,"column":1}},"4":{"start":{"line":28,"column":28},"end":{"line":28,"column":48}},"5":{"start":{"line":30,"column":17},"end":{"line":30,"column":38}},"6":{"start":{"line":32,"column":22},"end":{"line":34,"column":3}},"7":{"start":{"line":33,"column":4},"end":{"line":33,"column":73}},"8":{"start":{"line":33,"column":24},"end":{"line":33,"column":70}},"9":{"start":{"line":36,"column":2},"end":{"line":40,"column":4}},"10":{"start":{"line":45,"column":24},"end":{"line":45,"column":54}},"11":{"start":{"line":45,"column":30},"end":{"line":45,"column":54}}},"fnMap":{"0":{"name":"(anonymous_0)","decl":{"start":{"line":27,"column":29},"end":{"line":27,"column":30}},"loc":{"start":{"line":27,"column":47},"end":{"line":41,"column":1}},"line":27},"1":{"name":"(anonymous_1)","decl":{"start":{"line":32,"column":22},"end":{"line":32,"column":23}},"loc":{"start":{"line":32,"column":28},"end":{"line":34,"column":3}},"line":32},"2":{"name":"(anonymous_2)","decl":{"start":{"line":33,"column":13},"end":{"line":33,"column":14}},"loc":{"start":{"line":33,"column":24},"end":{"line":33,"column":70}},"line":33},"3":{"name":"(anonymous_3)","decl":{"start":{"line":45,"column":24},"end":{"line":45,"column":25}},"loc":{"start":{"line":45,"column":30},"end":{"line":45,"column":54}},"line":45}},"branchMap":{"0":{"loc":{"start":{"line":33,"column":24},"end":{"line":33,"column":70}},"type":"cond-expr","locations":[{"start":{"line":33,"column":48},"end":{"line":33,"column":57}},{"start":{"line":33,"column":60},"end":{"line":33,"column":70}}],"line":33}},"s":{"0":1,"1":1,"2":1,"3":1,"4":0,"5":0,"6":0,"7":0,"8":0,"9":0,"10":1,"11":0},"f":{"0":0,"1":0,"2":0,"3":0},"b":{"0":[0,0]},"_coverageSchema":"1a1c01bbd47fc00a2c39e90264f33305004495a9","hash":"f1c0468b3a09ec21ff74a44b9b0f1d8b941620f8"}
,"C:\\Users\\Lucas\\OneDrive\\Escritorio\\4to AÑO\\Desarrollo_aplicaciones\\ObraSocialFront\\src\\utils\\theme.ts": {"path":"C:\\Users\\Lucas\\OneDrive\\Escritorio\\4to AÑO\\Desarrollo_aplicaciones\\ObraSocialFront\\src\\utils\\theme.ts","statementMap":{"0":{"start":{"line":1,"column":31},"end":{"line":1,"column":34}},"1":{"start":{"line":2,"column":31},"end":{"line":2,"column":33}},"2":{"start":{"line":3,"column":31},"end":{"line":3,"column":40}},"3":{"start":{"line":4,"column":33},"end":{"line":4,"column":42}},"4":{"start":{"line":5,"column":33},"end":{"line":5,"column":35}}},"fnMap":{},"branchMap":{},"s":{"0":1,"1":1,"2":1,"3":1,"4":1},"f":{},"b":{},"_coverageSchema":"1a1c01bbd47fc00a2c39e90264f33305004495a9","hash":"8a9550a4c865777c15cbd55da02d88f3410afcd0"}
}
