TN:
SF:src\assets\icons\MainLogo.png
FNF:0
FNH:0
DA:1,2
LF:1
LH:1
BRF:0
BRH:0
end_of_record
TN:
SF:src\components\ActionButton.tsx
FN:14,(anonymous_0)
FN:19,(anonymous_1)
FN:31,(anonymous_2)
FNF:3
FNH:3
FNDA:1,(anonymous_0)
FNDA:1,(anonymous_1)
FNDA:1,(anonymous_2)
DA:14,1
DA:16,1
DA:17,1
DA:18,1
DA:19,1
DA:20,1
DA:23,1
DA:31,1
LF:8
LH:8
BRF:0
BRH:0
end_of_record
TN:
SF:src\components\BackButton.tsx
FN:23,(anonymous_0)
FN:30,(anonymous_1)
FN:52,(anonymous_2)
FNF:3
FNH:3
FNDA:1,(anonymous_0)
FNDA:1,(anonymous_1)
FNDA:1,(anonymous_2)
DA:23,1
DA:29,1
DA:30,1
DA:31,1
DA:32,1
DA:34,1
DA:35,1
DA:37,1
DA:52,1
LF:9
LH:9
BRDA:25,0,0,1
BRDA:26,1,0,1
BRDA:31,2,0,0
BRDA:31,2,1,1
BRF:4
BRH:3
end_of_record
TN:
SF:src\components\BottomNavbar.tsx
FN:4,(anonymous_0)
FNF:1
FNH:1
FNDA:2,(anonymous_0)
DA:4,2
DA:5,2
DA:23,2
LF:3
LH:3
BRF:0
BRH:0
end_of_record
TN:
SF:src\components\ConfirmationModal.tsx
FN:35,(anonymous_0)
FN:44,(anonymous_1)
FN:49,(anonymous_2)
FN:85,(anonymous_3)
FNF:4
FNH:2
FNDA:1,(anonymous_0)
FNDA:0,(anonymous_1)
FNDA:0,(anonymous_2)
FNDA:1,(anonymous_3)
DA:25,1
DA:30,1
DA:35,1
DA:44,1
DA:45,0
DA:46,0
DA:49,1
DA:50,0
DA:51,0
DA:53,1
DA:54,1
DA:56,1
DA:85,1
LF:13
LH:9
BRF:0
BRH:0
end_of_record
TN:
SF:src\components\Credential.tsx
FN:25,(anonymous_0)
FN:64,(anonymous_1)
FNF:2
FNH:2
FNDA:1,(anonymous_0)
FNDA:1,(anonymous_1)
DA:25,1
DA:26,1
DA:27,1
DA:28,1
DA:64,1
LF:5
LH:5
BRDA:39,0,0,1
BRDA:39,0,1,1
BRF:2
BRH:2
end_of_record
TN:
SF:src\components\Header.tsx
FN:18,(anonymous_0)
FN:33,(anonymous_1)
FNF:2
FNH:0
FNDA:0,(anonymous_0)
FNDA:0,(anonymous_1)
DA:18,1
DA:19,0
DA:20,0
DA:21,0
DA:23,0
DA:33,1
LF:6
LH:2
BRDA:18,0,0,0
BRF:1
BRH:0
end_of_record
TN:
SF:src\components\HistoryCard.tsx
FN:22,(anonymous_0)
FNF:1
FNH:1
FNDA:1,(anonymous_0)
DA:10,1
DA:11,1
DA:22,1
DA:30,1
DA:54,1
LF:5
LH:5
BRF:0
BRH:0
end_of_record
TN:
SF:src\components\LoginForm.tsx
FN:25,(anonymous_0)
FN:32,(anonymous_1)
FN:153,(anonymous_2)
FN:153,(anonymous_3)
FN:168,(anonymous_4)
FN:172,(anonymous_5)
FNF:6
FNH:2
FNDA:2,(anonymous_0)
FNDA:1,(anonymous_1)
FNDA:0,(anonymous_2)
FNDA:0,(anonymous_3)
FNDA:0,(anonymous_4)
FNDA:0,(anonymous_5)
DA:22,1
DA:25,1
DA:26,2
DA:27,2
DA:28,2
DA:29,2
DA:30,2
DA:32,2
DA:33,1
DA:34,1
DA:39,1
DA:42,0
DA:44,0
DA:45,0
DA:51,0
DA:53,0
DA:54,0
DA:55,0
DA:60,0
DA:61,0
DA:67,0
DA:74,0
DA:78,0
DA:79,0
DA:80,0
DA:82,0
DA:83,0
DA:84,0
DA:86,0
DA:87,0
DA:90,0
DA:92,0
DA:93,0
DA:94,0
DA:97,0
DA:101,0
DA:107,0
DA:109,0
DA:117,0
DA:118,0
DA:124,0
DA:128,2
DA:153,0
DA:168,0
DA:172,0
DA:179,1
LF:46
LH:13
BRDA:33,0,0,1
BRDA:33,0,1,0
BRDA:33,1,0,1
BRDA:33,1,1,0
BRDA:53,2,0,0
BRDA:53,2,1,0
BRDA:54,3,0,0
BRDA:54,3,1,0
BRDA:60,4,0,0
BRDA:60,4,1,0
BRDA:70,5,0,0
BRDA:70,5,1,0
BRDA:78,6,0,0
BRDA:78,6,1,0
BRDA:82,7,0,0
BRDA:82,7,1,0
BRDA:92,8,0,0
BRDA:92,8,1,0
BRDA:162,9,0,0
BRDA:162,9,1,2
BRF:20
BRH:3
end_of_record
TN:
SF:src\components\MyAppointments.tsx
FN:4,(anonymous_0)
FNF:1
FNH:1
FNDA:1,(anonymous_0)
DA:4,1
DA:5,1
DA:12,1
LF:3
LH:3
BRF:0
BRH:0
end_of_record
TN:
SF:src\components\NavBar.tsx
FN:35,NavBar
FN:42,(anonymous_1)
FN:67,(anonymous_2)
FN:79,(anonymous_3)
FN:91,(anonymous_4)
FN:132,(anonymous_5)
FN:142,(anonymous_6)
FNF:7
FNH:3
FNDA:1,NavBar
FNDA:0,(anonymous_1)
FNDA:0,(anonymous_2)
FNDA:5,(anonymous_3)
FNDA:0,(anonymous_4)
FNDA:0,(anonymous_5)
FNDA:1,(anonymous_6)
DA:21,1
DA:22,1
DA:36,1
DA:38,1
DA:39,1
DA:40,1
DA:42,1
DA:43,0
DA:44,0
DA:50,0
DA:51,0
DA:59,1
DA:67,1
DA:68,0
DA:70,0
DA:71,0
DA:72,0
DA:76,1
DA:80,5
DA:81,5
DA:82,5
DA:84,5
DA:91,0
DA:132,0
DA:139,1
DA:140,1
DA:142,1
LF:27
LH:17
BRDA:50,0,0,0
BRDA:50,0,1,0
BRDA:68,1,0,0
BRDA:68,1,1,0
BRDA:71,2,0,0
BRDA:71,2,1,0
BRDA:89,3,0,5
BRDA:89,3,1,1
BRDA:94,4,0,1
BRDA:94,4,1,4
BRDA:98,5,0,1
BRDA:98,5,1,0
BRDA:103,6,0,0
BRDA:103,6,1,1
BRDA:110,7,0,0
BRDA:110,7,1,4
BRDA:111,8,0,0
BRDA:111,8,1,4
BRDA:115,9,0,5
BRDA:115,9,1,0
BRF:20
BRH:9
end_of_record
TN:
SF:src\components\NotificationCard.tsx
FN:15,(anonymous_0)
FN:20,(anonymous_1)
FN:51,(anonymous_2)
FNF:3
FNH:2
FNDA:0,(anonymous_0)
FNDA:1,(anonymous_1)
FNDA:1,(anonymous_2)
DA:15,1
DA:17,0
DA:20,1
DA:28,1
DA:29,1
DA:30,1
DA:51,1
LF:7
LH:6
BRF:0
BRH:0
end_of_record
TN:
SF:src\components\UserDetails.tsx
FN:12,(anonymous_0)
FN:18,(anonymous_1)
FN:19,(anonymous_2)
FN:83,(anonymous_3)
FNF:4
FNH:4
FNDA:2,(anonymous_0)
FNDA:1,(anonymous_1)
FNDA:1,(anonymous_2)
FNDA:2,(anonymous_3)
DA:9,1
DA:10,1
DA:12,1
DA:13,2
DA:14,2
DA:15,2
DA:16,2
DA:18,2
DA:19,1
DA:20,1
DA:21,1
DA:22,1
DA:24,1
DA:25,1
DA:28,1
DA:29,1
DA:30,1
DA:31,1
DA:35,1
DA:36,1
DA:37,1
DA:38,1
DA:40,0
DA:42,0
DA:45,0
DA:46,0
DA:50,0
DA:54,0
DA:55,0
DA:59,1
DA:63,2
DA:83,2
LF:32
LH:25
BRDA:28,0,0,1
BRDA:28,0,1,0
BRDA:35,1,0,1
BRDA:35,1,1,0
BRDA:38,2,0,1
BRDA:38,2,1,0
BRDA:40,3,0,0
BRDA:40,3,1,0
BRDA:40,4,0,0
BRDA:40,4,1,0
BRDA:67,5,0,2
BRDA:67,5,1,1
BRDA:68,6,0,1
BRDA:68,6,1,1
BRF:14
BRH:7
end_of_record
TN:
SF:src\contexts\ThemeContext.tsx
FN:27,(anonymous_0)
FN:32,(anonymous_1)
FN:33,(anonymous_2)
FN:45,(anonymous_3)
FNF:4
FNH:0
FNDA:0,(anonymous_0)
FNDA:0,(anonymous_1)
FNDA:0,(anonymous_2)
FNDA:0,(anonymous_3)
DA:4,1
DA:6,1
DA:16,1
DA:27,1
DA:28,0
DA:30,0
DA:32,0
DA:33,0
DA:36,0
DA:45,1
LF:10
LH:5
BRDA:33,0,0,0
BRDA:33,0,1,0
BRF:2
BRH:0
end_of_record
TN:
SF:src\utils\theme.ts
FNF:0
FNH:0
DA:1,1
DA:2,1
DA:3,1
DA:4,1
DA:5,1
LF:5
LH:5
BRF:0
BRH:0
end_of_record
