TN:
SF:src\api\Client.ts
FN:12,(anonymous_0)
FN:21,(anonymous_1)
FNF:2
FNH:0
FNDA:0,(anonymous_0)
FNDA:0,(anonymous_1)
DA:5,2
DA:7,2
DA:11,2
DA:14,0
DA:15,0
DA:16,0
DA:19,0
DA:22,0
DA:23,0
LF:9
LH:3
BRDA:15,0,0,0
BRDA:15,0,1,0
BRF:2
BRH:0
end_of_record
TN:
SF:src\assets\icons\MainLogo.png
FNF:0
FNH:0
DA:1,2
LF:1
LH:1
BRF:0
BRH:0
end_of_record
TN:
SF:src\components\ActionButton.tsx
FN:15,(anonymous_0)
FN:19,(anonymous_1)
FNF:2
FNH:1
FNDA:1,(anonymous_0)
FNDA:0,(anonymous_1)
DA:15,1
DA:16,1
DA:17,1
DA:19,1
DA:20,0
DA:21,0
DA:22,0
DA:24,0
DA:28,1
DA:36,1
LF:10
LH:6
BRDA:20,0,0,0
BRDA:20,0,1,0
BRDA:22,1,0,0
BRDA:22,1,1,0
BRF:4
BRH:0
end_of_record
TN:
SF:src\components\BackButton.tsx
FN:22,(anonymous_0)
FN:29,(anonymous_1)
FNF:2
FNH:1
FNDA:1,(anonymous_0)
FNDA:0,(anonymous_1)
DA:22,1
DA:28,1
DA:29,1
DA:30,0
DA:31,0
DA:34,1
DA:49,1
LF:7
LH:5
BRDA:24,0,0,1
BRDA:25,1,0,1
BRDA:30,2,0,0
BRDA:30,2,1,0
BRF:4
BRH:2
end_of_record
TN:
SF:src\components\BottomNavbar.tsx
FN:4,(anonymous_0)
FNF:1
FNH:1
FNDA:2,(anonymous_0)
DA:4,2
DA:5,2
DA:23,2
LF:3
LH:3
BRF:0
BRH:0
end_of_record
TN:
SF:src\components\ConfirmationModal.tsx
FN:33,(anonymous_0)
FN:42,(anonymous_1)
FN:47,(anonymous_2)
FNF:3
FNH:1
FNDA:1,(anonymous_0)
FNDA:0,(anonymous_1)
FNDA:0,(anonymous_2)
DA:23,1
DA:28,1
DA:33,1
DA:42,1
DA:43,0
DA:44,0
DA:47,1
DA:48,0
DA:49,0
DA:52,1
DA:82,1
LF:11
LH:7
BRF:0
BRH:0
end_of_record
TN:
SF:src\components\Credential.tsx
FN:23,(anonymous_0)
FNF:1
FNH:1
FNDA:1,(anonymous_0)
DA:23,1
DA:24,1
DA:55,1
LF:3
LH:3
BRDA:38,0,0,1
BRDA:38,0,1,0
BRF:2
BRH:1
end_of_record
TN:
SF:src\components\Header.tsx
FN:17,(anonymous_0)
FNF:1
FNH:0
FNDA:0,(anonymous_0)
DA:17,1
DA:18,0
DA:19,0
DA:21,0
DA:31,1
LF:5
LH:2
BRDA:17,0,0,0
BRF:1
BRH:0
end_of_record
TN:
SF:src\components\HistoryCard.tsx
FN:22,(anonymous_0)
FNF:1
FNH:1
FNDA:1,(anonymous_0)
DA:10,1
DA:11,1
DA:22,1
DA:30,1
DA:54,1
LF:5
LH:5
BRF:0
BRH:0
end_of_record
TN:
SF:src\components\LoginForm.tsx
FN:26,(anonymous_0)
FN:34,(anonymous_1)
FN:108,(anonymous_2)
FN:108,(anonymous_3)
FN:121,(anonymous_4)
FN:124,(anonymous_5)
FNF:6
FNH:2
FNDA:2,(anonymous_0)
FNDA:1,(anonymous_1)
FNDA:0,(anonymous_2)
FNDA:0,(anonymous_3)
FNDA:0,(anonymous_4)
FNDA:0,(anonymous_5)
DA:23,1
DA:26,1
DA:27,2
DA:28,2
DA:29,2
DA:30,2
DA:31,2
DA:32,2
DA:34,2
DA:35,1
DA:36,1
DA:38,0
DA:39,0
DA:40,0
DA:45,0
DA:46,0
DA:47,0
DA:48,0
DA:49,0
DA:50,0
DA:51,0
DA:54,0
DA:55,0
DA:58,0
DA:59,0
DA:60,0
DA:61,0
DA:64,0
DA:67,0
DA:68,0
DA:69,0
DA:71,0
DA:72,0
DA:73,0
DA:75,0
DA:78,0
DA:79,0
DA:81,0
DA:85,2
DA:108,0
DA:121,0
DA:124,0
DA:131,1
LF:43
LH:13
BRDA:35,0,0,1
BRDA:35,0,1,0
BRDA:35,1,0,1
BRDA:35,1,1,0
BRDA:46,2,0,0
BRDA:46,2,1,0
BRDA:46,3,0,0
BRDA:46,3,1,0
BRDA:49,4,0,0
BRDA:49,4,1,0
BRDA:59,5,0,0
BRDA:59,5,1,0
BRDA:72,6,0,0
BRDA:72,6,1,0
BRDA:72,7,0,0
BRDA:72,7,1,0
BRDA:75,8,0,0
BRDA:75,8,1,0
BRDA:86,9,0,0
BRDA:86,9,1,2
BRDA:116,10,0,0
BRDA:116,10,1,2
BRF:22
BRH:4
end_of_record
TN:
SF:src\components\MyAppointments.tsx
FN:4,(anonymous_0)
FNF:1
FNH:1
FNDA:1,(anonymous_0)
DA:4,1
DA:5,1
DA:12,1
LF:3
LH:3
BRF:0
BRH:0
end_of_record
TN:
SF:src\components\NavBar.tsx
FN:37,NavBar
FN:43,(anonymous_1)
FN:44,(anonymous_2)
FN:50,(anonymous_3)
FN:59,(anonymous_4)
FN:63,(anonymous_5)
FN:87,(anonymous_6)
FN:98,(anonymous_7)
FN:110,(anonymous_8)
FN:173,(anonymous_9)
FNF:10
FNH:5
FNDA:1,NavBar
FNDA:1,(anonymous_1)
FNDA:1,(anonymous_2)
FNDA:0,(anonymous_3)
FNDA:1,(anonymous_4)
FNDA:0,(anonymous_5)
FNDA:0,(anonymous_6)
FNDA:5,(anonymous_7)
FNDA:0,(anonymous_8)
FNDA:0,(anonymous_9)
DA:22,1
DA:23,1
DA:38,1
DA:39,1
DA:40,1
DA:41,1
DA:43,1
DA:44,1
DA:45,1
DA:46,1
DA:47,1
DA:48,0
DA:50,0
DA:52,0
DA:55,1
DA:59,1
DA:60,1
DA:63,1
DA:64,0
DA:65,0
DA:71,0
DA:79,1
DA:87,1
DA:88,0
DA:89,0
DA:90,0
DA:91,0
DA:95,1
DA:99,5
DA:100,5
DA:101,5
DA:102,5
DA:103,5
DA:110,0
DA:173,0
DA:180,1
DA:181,1
DA:183,1
LF:38
LH:26
BRDA:47,0,0,1
BRDA:47,0,1,0
BRDA:60,1,0,0
BRDA:60,1,1,1
BRDA:88,2,0,0
BRDA:88,2,1,0
BRDA:90,3,0,0
BRDA:90,3,1,0
BRDA:108,4,0,5
BRDA:108,4,1,1
BRDA:113,5,0,1
BRDA:113,5,1,4
BRDA:117,6,0,1
BRDA:117,6,1,0
BRDA:122,7,0,0
BRDA:122,7,1,1
BRDA:130,8,0,0
BRDA:130,8,1,4
BRDA:131,9,0,0
BRDA:131,9,1,4
BRDA:131,10,0,0
BRDA:131,10,1,4
BRDA:133,11,0,4
BRDA:133,11,1,1
BRDA:133,11,2,0
BRDA:154,12,0,0
BRDA:154,12,1,5
BRDA:154,13,0,0
BRDA:154,13,1,5
BRDA:155,14,0,5
BRDA:155,14,1,0
BRF:31
BRH:16
end_of_record
TN:
SF:src\components\NotificationCard.tsx
FN:14,(anonymous_0)
FN:19,(anonymous_1)
FNF:2
FNH:1
FNDA:0,(anonymous_0)
FNDA:1,(anonymous_1)
DA:14,1
DA:16,0
DA:19,1
DA:27,1
DA:48,1
LF:5
LH:4
BRF:0
BRH:0
end_of_record
TN:
SF:src\components\UserDetails.tsx
FN:10,(anonymous_0)
FN:14,(anonymous_1)
FN:15,(anonymous_2)
FNF:3
FNH:3
FNDA:1,(anonymous_0)
FNDA:1,(anonymous_1)
FNDA:1,(anonymous_2)
DA:7,1
DA:8,1
DA:10,1
DA:11,1
DA:12,1
DA:14,1
DA:15,1
DA:16,1
DA:17,1
DA:18,1
DA:20,1
DA:21,1
DA:24,1
DA:25,0
DA:26,0
DA:27,0
DA:31,1
DA:32,0
DA:33,0
DA:34,0
DA:36,0
DA:38,0
DA:41,0
DA:42,0
DA:46,1
DA:50,0
DA:51,0
DA:55,1
DA:59,1
DA:79,1
LF:30
LH:18
BRDA:24,0,0,0
BRDA:24,0,1,1
BRDA:31,1,0,0
BRDA:31,1,1,1
BRDA:34,2,0,0
BRDA:34,2,1,0
BRDA:36,3,0,0
BRDA:36,3,1,0
BRDA:36,4,0,0
BRDA:36,4,1,0
BRDA:63,5,0,1
BRDA:63,5,1,1
BRDA:64,6,0,0
BRDA:64,6,1,1
BRF:14
BRH:5
end_of_record
TN:
SF:src\theme\ThemeContext.tsx
FN:35,(anonymous_0)
FN:39,(anonymous_1)
FN:41,(anonymous_2)
FN:45,(anonymous_3)
FN:46,(anonymous_4)
FN:65,(anonymous_5)
FNF:6
FNH:1
FNDA:0,(anonymous_0)
FNDA:2,(anonymous_1)
FNDA:0,(anonymous_2)
FNDA:0,(anonymous_3)
FNDA:0,(anonymous_4)
FNDA:0,(anonymous_5)
DA:5,3
DA:19,3
DA:33,3
DA:39,3
DA:41,3
DA:42,0
DA:43,0
DA:45,0
DA:46,0
DA:47,0
DA:48,0
DA:49,0
DA:50,0
DA:51,0
DA:52,0
DA:53,0
DA:56,0
DA:57,0
DA:58,0
DA:59,0
DA:65,0
DA:66,0
DA:67,0
DA:68,0
DA:69,0
DA:71,0
DA:72,0
DA:73,0
DA:77,0
LF:29
LH:5
BRDA:48,0,0,0
BRDA:48,0,1,0
BRDA:51,1,0,0
BRDA:51,1,1,0
BRDA:57,2,0,0
BRDA:57,2,1,0
BRDA:66,3,0,0
BRDA:66,3,1,0
BRF:8
BRH:0
end_of_record
TN:
SF:src\utils\theme.ts
FNF:0
FNH:0
DA:1,1
DA:2,1
DA:3,1
DA:4,1
DA:5,1
LF:5
LH:5
BRF:0
BRH:0
end_of_record
